{"C:\\study\\1-sprint-mission\\5-sprint-mission\\src\\app.ts": {"path":"C:\\study\\1-sprint-mission\\5-sprint-mission\\src\\app.ts","statementMap":{"0":{"start":{"line":1,"column":0},"end":{"line":1,"column":35}},"1":{"start":{"line":2,"column":0},"end":{"line":2,"column":30}},"2":{"start":{"line":3,"column":0},"end":{"line":3,"column":24}},"3":{"start":{"line":4,"column":0},"end":{"line":4,"column":24}},"4":{"start":{"line":5,"column":0},"end":{"line":5,"column":59}},"5":{"start":{"line":6,"column":0},"end":{"line":6,"column":52}},"6":{"start":{"line":7,"column":0},"end":{"line":7,"column":51}},"7":{"start":{"line":8,"column":0},"end":{"line":8,"column":51}},"8":{"start":{"line":9,"column":0},"end":{"line":9,"column":49}},"9":{"start":{"line":10,"column":0},"end":{"line":10,"column":45}},"10":{"start":{"line":11,"column":0},"end":{"line":11,"column":61}},"11":{"start":{"line":12,"column":0},"end":{"line":12,"column":90}},"12":{"start":{"line":13,"column":0},"end":{"line":13,"column":41}},"13":{"start":{"line":14,"column":0},"end":{"line":14,"column":48}},"14":{"start":{"line":15,"column":0},"end":{"line":15,"column":24}},"15":{"start":{"line":17,"column":12},"end":{"line":17,"column":21}},"16":{"start":{"line":18,"column":0},"end":{"line":18,"column":16}},"17":{"start":{"line":19,"column":0},"end":{"line":19,"column":24}},"18":{"start":{"line":20,"column":0},"end":{"line":20,"column":79}},"19":{"start":{"line":21,"column":0},"end":{"line":21,"column":24}},"20":{"start":{"line":23,"column":15},"end":{"line":23,"column":37}},"21":{"start":{"line":24,"column":0},"end":{"line":24,"column":22}},"22":{"start":{"line":26,"column":0},"end":{"line":26,"column":36}},"23":{"start":{"line":27,"column":0},"end":{"line":27,"column":36}},"24":{"start":{"line":28,"column":0},"end":{"line":28,"column":36}},"25":{"start":{"line":29,"column":0},"end":{"line":29,"column":33}},"26":{"start":{"line":30,"column":0},"end":{"line":30,"column":30}},"27":{"start":{"line":31,"column":0},"end":{"line":31,"column":46}},"28":{"start":{"line":33,"column":0},"end":{"line":33,"column":32}},"29":{"start":{"line":34,"column":0},"end":{"line":34,"column":28}},"30":{"start":{"line":36,"column":0},"end":{"line":36,"column":19}}},"fnMap":{},"branchMap":{},"s":{"0":3,"1":3,"2":3,"3":3,"4":3,"5":3,"6":3,"7":3,"8":3,"9":3,"10":3,"11":3,"12":3,"13":3,"14":3,"15":3,"16":3,"17":3,"18":3,"19":3,"20":3,"21":3,"22":3,"23":3,"24":3,"25":3,"26":3,"27":3,"28":3,"29":3,"30":3},"f":{},"b":{}}
,"C:\\study\\1-sprint-mission\\5-sprint-mission\\src\\controller\\articleController.ts": {"path":"C:\\study\\1-sprint-mission\\5-sprint-mission\\src\\controller\\articleController.ts","statementMap":{"0":{"start":{"line":1,"column":0},"end":{"line":1,"column":37}},"1":{"start":{"line":2,"column":0},"end":{"line":2,"column":null}},"2":{"start":{"line":7,"column":0},"end":{"line":7,"column":57}},"3":{"start":{"line":8,"column":0},"end":{"line":8,"column":96}},"4":{"start":{"line":9,"column":0},"end":{"line":9,"column":null}},"5":{"start":{"line":18,"column":0},"end":{"line":18,"column":59}},"6":{"start":{"line":20,"column":0},"end":{"line":20,"column":59}},"7":{"start":{"line":21,"column":0},"end":{"line":21,"column":93}},"8":{"start":{"line":22,"column":0},"end":{"line":22,"column":88}},"9":{"start":{"line":31,"column":41},"end":{"line":42,"column":2}},"10":{"start":{"line":31,"column":60},"end":{"line":42,"column":2}},"11":{"start":{"line":32,"column":15},"end":{"line":32,"column":56}},"12":{"start":{"line":34,"column":19},"end":{"line":36,"column":null}},"13":{"start":{"line":39,"column":18},"end":{"line":39,"column":41}},"14":{"start":{"line":40,"column":2},"end":{"line":40,"column":52}},"15":{"start":{"line":41,"column":2},"end":{"line":41,"column":9}},"16":{"start":{"line":31,"column":13},"end":{"line":31,"column":41}},"17":{"start":{"line":44,"column":42},"end":{"line":50,"column":2}},"18":{"start":{"line":44,"column":61},"end":{"line":50,"column":2}},"19":{"start":{"line":45,"column":17},"end":{"line":45,"column":62}},"20":{"start":{"line":47,"column":18},"end":{"line":47,"column":39}},"21":{"start":{"line":49,"column":2},"end":{"line":49,"column":20}},"22":{"start":{"line":44,"column":13},"end":{"line":44,"column":42}},"23":{"start":{"line":52,"column":38},"end":{"line":56,"column":2}},"24":{"start":{"line":52,"column":57},"end":{"line":56,"column":2}},"25":{"start":{"line":53,"column":17},"end":{"line":53,"column":51}},"26":{"start":{"line":54,"column":18},"end":{"line":54,"column":35}},"27":{"start":{"line":55,"column":2},"end":{"line":55,"column":40}},"28":{"start":{"line":52,"column":13},"end":{"line":52,"column":38}},"29":{"start":{"line":58,"column":41},"end":{"line":69,"column":2}},"30":{"start":{"line":58,"column":60},"end":{"line":69,"column":2}},"31":{"start":{"line":59,"column":17},"end":{"line":59,"column":51}},"32":{"start":{"line":60,"column":15},"end":{"line":60,"column":56}},"33":{"start":{"line":62,"column":18},"end":{"line":64,"column":null}},"34":{"start":{"line":67,"column":18},"end":{"line":67,"column":42}},"35":{"start":{"line":68,"column":2},"end":{"line":68,"column":40}},"36":{"start":{"line":58,"column":13},"end":{"line":58,"column":41}},"37":{"start":{"line":71,"column":41},"end":{"line":77,"column":2}},"38":{"start":{"line":71,"column":60},"end":{"line":77,"column":2}},"39":{"start":{"line":72,"column":17},"end":{"line":72,"column":51}},"40":{"start":{"line":73,"column":2},"end":{"line":73,"column":20}},"41":{"start":{"line":74,"column":2},"end":{"line":74,"column":23}},"42":{"start":{"line":75,"column":2},"end":{"line":75,"column":25}},"43":{"start":{"line":76,"column":2},"end":{"line":76,"column":9}},"44":{"start":{"line":71,"column":13},"end":{"line":71,"column":41}},"45":{"start":{"line":79,"column":41},"end":{"line":96,"column":2}},"46":{"start":{"line":79,"column":66},"end":{"line":96,"column":2}},"47":{"start":{"line":80,"column":28},"end":{"line":80,"column":62}},"48":{"start":{"line":81,"column":22},"end":{"line":81,"column":63}},"49":{"start":{"line":83,"column":17},"end":{"line":83,"column":29}},"50":{"start":{"line":85,"column":2},"end":{"line":85,"column":27}},"51":{"start":{"line":87,"column":48},"end":{"line":91,"column":4}},"52":{"start":{"line":92,"column":18},"end":{"line":92,"column":48}},"53":{"start":{"line":94,"column":2},"end":{"line":94,"column":59}},"54":{"start":{"line":95,"column":2},"end":{"line":95,"column":9}},"55":{"start":{"line":79,"column":13},"end":{"line":79,"column":41}},"56":{"start":{"line":98,"column":42},"end":{"line":106,"column":2}},"57":{"start":{"line":98,"column":61},"end":{"line":106,"column":2}},"58":{"start":{"line":99,"column":28},"end":{"line":99,"column":62}},"59":{"start":{"line":100,"column":28},"end":{"line":100,"column":73}},"60":{"start":{"line":102,"column":2},"end":{"line":102,"column":27}},"61":{"start":{"line":103,"column":17},"end":{"line":103,"column":70}},"62":{"start":{"line":104,"column":2},"end":{"line":104,"column":23}},"63":{"start":{"line":105,"column":2},"end":{"line":105,"column":9}},"64":{"start":{"line":98,"column":13},"end":{"line":98,"column":42}},"65":{"start":{"line":108,"column":39},"end":{"line":122,"column":2}},"66":{"start":{"line":108,"column":58},"end":{"line":122,"column":2}},"67":{"start":{"line":109,"column":17},"end":{"line":109,"column":29}},"68":{"start":{"line":110,"column":2},"end":{"line":112,"column":3}},"69":{"start":{"line":111,"column":4},"end":{"line":111,"column":48}},"70":{"start":{"line":113,"column":20},"end":{"line":113,"column":43}},"71":{"start":{"line":115,"column":36},"end":{"line":118,"column":4}},"72":{"start":{"line":119,"column":15},"end":{"line":119,"column":44}},"73":{"start":{"line":121,"column":2},"end":{"line":121,"column":29}},"74":{"start":{"line":108,"column":13},"end":{"line":108,"column":39}}},"fnMap":{"0":{"name":"(anonymous_8)","decl":{"start":{"line":31,"column":41},"end":{"line":31,"column":48}},"loc":{"start":{"line":31,"column":60},"end":{"line":42,"column":2}}},"1":{"name":"(anonymous_9)","decl":{"start":{"line":31,"column":60},"end":{"line":31,"column":null}},"loc":{"start":{"line":31,"column":60},"end":{"line":42,"column":1}}},"2":{"name":"(anonymous_10)","decl":{"start":{"line":44,"column":42},"end":{"line":44,"column":49}},"loc":{"start":{"line":44,"column":61},"end":{"line":50,"column":2}}},"3":{"name":"(anonymous_11)","decl":{"start":{"line":44,"column":61},"end":{"line":44,"column":null}},"loc":{"start":{"line":44,"column":61},"end":{"line":50,"column":1}}},"4":{"name":"(anonymous_12)","decl":{"start":{"line":52,"column":38},"end":{"line":52,"column":45}},"loc":{"start":{"line":52,"column":57},"end":{"line":56,"column":2}}},"5":{"name":"(anonymous_13)","decl":{"start":{"line":52,"column":57},"end":{"line":52,"column":null}},"loc":{"start":{"line":52,"column":57},"end":{"line":56,"column":1}}},"6":{"name":"(anonymous_14)","decl":{"start":{"line":58,"column":41},"end":{"line":58,"column":48}},"loc":{"start":{"line":58,"column":60},"end":{"line":69,"column":2}}},"7":{"name":"(anonymous_15)","decl":{"start":{"line":58,"column":60},"end":{"line":58,"column":null}},"loc":{"start":{"line":58,"column":60},"end":{"line":69,"column":1}}},"8":{"name":"(anonymous_16)","decl":{"start":{"line":71,"column":41},"end":{"line":71,"column":48}},"loc":{"start":{"line":71,"column":60},"end":{"line":77,"column":2}}},"9":{"name":"(anonymous_17)","decl":{"start":{"line":71,"column":60},"end":{"line":71,"column":null}},"loc":{"start":{"line":71,"column":60},"end":{"line":77,"column":1}}},"10":{"name":"(anonymous_18)","decl":{"start":{"line":79,"column":41},"end":{"line":79,"column":48}},"loc":{"start":{"line":79,"column":66},"end":{"line":96,"column":2}}},"11":{"name":"(anonymous_19)","decl":{"start":{"line":79,"column":66},"end":{"line":79,"column":null}},"loc":{"start":{"line":79,"column":66},"end":{"line":96,"column":1}}},"12":{"name":"(anonymous_20)","decl":{"start":{"line":98,"column":42},"end":{"line":98,"column":49}},"loc":{"start":{"line":98,"column":61},"end":{"line":106,"column":2}}},"13":{"name":"(anonymous_21)","decl":{"start":{"line":98,"column":61},"end":{"line":98,"column":null}},"loc":{"start":{"line":98,"column":61},"end":{"line":106,"column":1}}},"14":{"name":"(anonymous_22)","decl":{"start":{"line":108,"column":39},"end":{"line":108,"column":46}},"loc":{"start":{"line":108,"column":58},"end":{"line":122,"column":2}}},"15":{"name":"(anonymous_23)","decl":{"start":{"line":108,"column":58},"end":{"line":108,"column":null}},"loc":{"start":{"line":108,"column":58},"end":{"line":122,"column":1}}}},"branchMap":{"0":{"loc":{"start":{"line":109,"column":17},"end":{"line":109,"column":29}},"type":"cond-expr","locations":[{"start":{"line":109,"column":25},"end":{"line":109,"column":27}},{"start":{"line":109,"column":25},"end":{"line":109,"column":29}}]},"1":{"loc":{"start":{"line":109,"column":17},"end":{"line":109,"column":27}},"type":"binary-expr","locations":[{"start":{"line":109,"column":17},"end":{"line":109,"column":27}},{"start":{"line":109,"column":25},"end":{"line":109,"column":27}}]},"2":{"loc":{"start":{"line":110,"column":2},"end":{"line":112,"column":3}},"type":"if","locations":[{"start":{"line":110,"column":2},"end":{"line":112,"column":3}}]}},"s":{"0":3,"1":3,"2":3,"3":3,"4":3,"5":3,"6":3,"7":3,"8":3,"9":3,"10":3,"11":3,"12":2,"13":2,"14":2,"15":2,"16":3,"17":3,"18":5,"19":5,"20":5,"21":5,"22":3,"23":3,"24":2,"25":2,"26":2,"27":1,"28":3,"29":3,"30":3,"31":3,"32":2,"33":2,"34":2,"35":2,"36":3,"37":3,"38":2,"39":2,"40":1,"41":1,"42":1,"43":1,"44":3,"45":3,"46":2,"47":2,"48":1,"49":1,"50":1,"51":1,"52":1,"53":1,"54":1,"55":3,"56":3,"57":2,"58":2,"59":2,"60":2,"61":2,"62":2,"63":2,"64":3,"65":3,"66":2,"67":2,"68":2,"69":0,"70":2,"71":2,"72":2,"73":2,"74":3},"f":{"0":3,"1":3,"2":5,"3":5,"4":2,"5":2,"6":3,"7":3,"8":2,"9":2,"10":2,"11":2,"12":2,"13":2,"14":2,"15":2},"b":{"0":[0,2],"1":[2,2],"2":[0]}}
,"C:\\study\\1-sprint-mission\\5-sprint-mission\\src\\controller\\commentsController.ts": {"path":"C:\\study\\1-sprint-mission\\5-sprint-mission\\src\\controller\\commentsController.ts","statementMap":{"0":{"start":{"line":1,"column":0},"end":{"line":1,"column":37}},"1":{"start":{"line":2,"column":0},"end":{"line":2,"column":68}},"2":{"start":{"line":3,"column":0},"end":{"line":3,"column":57}},"3":{"start":{"line":4,"column":0},"end":{"line":4,"column":81}},"4":{"start":{"line":6,"column":0},"end":{"line":6,"column":74}},"5":{"start":{"line":10,"column":41},"end":{"line":23,"column":2}},"6":{"start":{"line":10,"column":60},"end":{"line":23,"column":2}},"7":{"start":{"line":11,"column":17},"end":{"line":11,"column":51}},"8":{"start":{"line":12,"column":27},"end":{"line":12,"column":68}},"9":{"start":{"line":14,"column":2},"end":{"line":14,"column":25}},"10":{"start":{"line":16,"column":41},"end":{"line":19,"column":4}},"11":{"start":{"line":21,"column":18},"end":{"line":21,"column":43}},"12":{"start":{"line":22,"column":2},"end":{"line":22,"column":40}},"13":{"start":{"line":10,"column":13},"end":{"line":10,"column":41}},"14":{"start":{"line":25,"column":41},"end":{"line":34,"column":2}},"15":{"start":{"line":25,"column":60},"end":{"line":34,"column":2}},"16":{"start":{"line":26,"column":17},"end":{"line":26,"column":51}},"17":{"start":{"line":28,"column":2},"end":{"line":28,"column":25}},"18":{"start":{"line":30,"column":2},"end":{"line":30,"column":25}},"19":{"start":{"line":32,"column":2},"end":{"line":32,"column":25}},"20":{"start":{"line":33,"column":2},"end":{"line":33,"column":9}},"21":{"start":{"line":25,"column":13},"end":{"line":25,"column":41}}},"fnMap":{"0":{"name":"(anonymous_7)","decl":{"start":{"line":10,"column":41},"end":{"line":10,"column":48}},"loc":{"start":{"line":10,"column":60},"end":{"line":23,"column":2}}},"1":{"name":"(anonymous_8)","decl":{"start":{"line":10,"column":60},"end":{"line":10,"column":null}},"loc":{"start":{"line":10,"column":60},"end":{"line":23,"column":1}}},"2":{"name":"(anonymous_9)","decl":{"start":{"line":25,"column":41},"end":{"line":25,"column":48}},"loc":{"start":{"line":25,"column":60},"end":{"line":34,"column":2}}},"3":{"name":"(anonymous_10)","decl":{"start":{"line":25,"column":60},"end":{"line":25,"column":null}},"loc":{"start":{"line":25,"column":60},"end":{"line":34,"column":1}}}},"branchMap":{"0":{"loc":{"start":{"line":12,"column":10},"end":{"line":12,"column":22}},"type":"default-arg","locations":[{"start":{"line":12,"column":20},"end":{"line":12,"column":22}}]}},"s":{"0":3,"1":3,"2":3,"3":3,"4":3,"5":3,"6":0,"7":0,"8":0,"9":0,"10":0,"11":0,"12":0,"13":3,"14":3,"15":0,"16":0,"17":0,"18":0,"19":0,"20":0,"21":3},"f":{"0":0,"1":0,"2":0,"3":0},"b":{"0":[0]}}
,"C:\\study\\1-sprint-mission\\5-sprint-mission\\src\\controller\\errorController.ts": {"path":"C:\\study\\1-sprint-mission\\5-sprint-mission\\src\\controller\\errorController.ts","statementMap":{"0":{"start":{"line":7,"column":0},"end":{"line":7,"column":16}},"1":{"start":{"line":11,"column":0},"end":{"line":11,"column":16}},"2":{"start":{"line":1,"column":0},"end":{"line":1,"column":42}},"3":{"start":{"line":2,"column":0},"end":{"line":2,"column":60}},"4":{"start":{"line":3,"column":0},"end":{"line":3,"column":56}},"5":{"start":{"line":4,"column":0},"end":{"line":4,"column":59}},"6":{"start":{"line":8,"column":2},"end":{"line":8,"column":49}},"7":{"start":{"line":17,"column":2},"end":{"line":20,"column":3}},"8":{"start":{"line":18,"column":4},"end":{"line":18,"column":51}},"9":{"start":{"line":19,"column":4},"end":{"line":19,"column":11}},"10":{"start":{"line":22,"column":2},"end":{"line":25,"column":3}},"11":{"start":{"line":23,"column":4},"end":{"line":23,"column":54}},"12":{"start":{"line":24,"column":4},"end":{"line":24,"column":11}},"13":{"start":{"line":27,"column":2},"end":{"line":31,"column":3}},"14":{"start":{"line":28,"column":4},"end":{"line":28,"column":23}},"15":{"start":{"line":29,"column":4},"end":{"line":29,"column":64}},"16":{"start":{"line":30,"column":4},"end":{"line":30,"column":11}},"17":{"start":{"line":33,"column":2},"end":{"line":36,"column":3}},"18":{"start":{"line":34,"column":4},"end":{"line":34,"column":51}},"19":{"start":{"line":35,"column":4},"end":{"line":35,"column":11}},"20":{"start":{"line":38,"column":2},"end":{"line":41,"column":3}},"21":{"start":{"line":39,"column":4},"end":{"line":39,"column":51}},"22":{"start":{"line":40,"column":4},"end":{"line":40,"column":11}},"23":{"start":{"line":43,"column":2},"end":{"line":43,"column":21}},"24":{"start":{"line":44,"column":2},"end":{"line":44,"column":61}},"25":{"start":{"line":45,"column":2},"end":{"line":45,"column":9}},"26":{"start":{"line":49,"column":2},"end":{"line":49,"column":40}},"27":{"start":{"line":53,"column":2},"end":{"line":53,"column":66}}},"fnMap":{"0":{"name":"defaultNotFoundHandler","decl":{"start":{"line":7,"column":16},"end":{"line":7,"column":38}},"loc":{"start":{"line":7,"column":86},"end":{"line":9,"column":1}}},"1":{"name":"globalErrorHandler","decl":{"start":{"line":11,"column":16},"end":{"line":11,"column":34}},"loc":{"start":{"line":15,"column":20},"end":{"line":46,"column":1}}},"2":{"name":"isBadRequestError","decl":{"start":{"line":48,"column":9},"end":{"line":48,"column":26}},"loc":{"start":{"line":48,"column":39},"end":{"line":50,"column":1}}},"3":{"name":"hasCode","decl":{"start":{"line":52,"column":9},"end":{"line":52,"column":16}},"loc":{"start":{"line":52,"column":29},"end":{"line":54,"column":1}}}},"branchMap":{"0":{"loc":{"start":{"line":17,"column":2},"end":{"line":20,"column":3}},"type":"if","locations":[{"start":{"line":17,"column":2},"end":{"line":20,"column":3}}]},"1":{"loc":{"start":{"line":17,"column":6},"end":{"line":17,"column":66}},"type":"binary-expr","locations":[{"start":{"line":17,"column":6},"end":{"line":17,"column":32}},{"start":{"line":17,"column":36},"end":{"line":17,"column":66}}]},"2":{"loc":{"start":{"line":22,"column":2},"end":{"line":25,"column":3}},"type":"if","locations":[{"start":{"line":22,"column":2},"end":{"line":25,"column":3}}]},"3":{"loc":{"start":{"line":22,"column":6},"end":{"line":22,"column":82}},"type":"binary-expr","locations":[{"start":{"line":22,"column":6},"end":{"line":22,"column":32}},{"start":{"line":22,"column":37},"end":{"line":22,"column":59}},{"start":{"line":22,"column":63},"end":{"line":22,"column":81}}]},"4":{"loc":{"start":{"line":27,"column":2},"end":{"line":31,"column":3}},"type":"if","locations":[{"start":{"line":27,"column":2},"end":{"line":31,"column":3}}]},"5":{"loc":{"start":{"line":33,"column":2},"end":{"line":36,"column":3}},"type":"if","locations":[{"start":{"line":33,"column":2},"end":{"line":36,"column":3}}]},"6":{"loc":{"start":{"line":38,"column":2},"end":{"line":41,"column":3}},"type":"if","locations":[{"start":{"line":38,"column":2},"end":{"line":41,"column":3}}]},"7":{"loc":{"start":{"line":53,"column":9},"end":{"line":53,"column":65}},"type":"binary-expr","locations":[{"start":{"line":53,"column":9},"end":{"line":53,"column":32}},{"start":{"line":53,"column":36},"end":{"line":53,"column":48}},{"start":{"line":53,"column":52},"end":{"line":53,"column":65}}]}},"s":{"0":3,"1":3,"2":3,"3":3,"4":3,"5":3,"6":2,"7":14,"8":9,"9":9,"10":5,"11":0,"12":0,"13":5,"14":0,"15":0,"16":0,"17":5,"18":3,"19":3,"20":2,"21":2,"22":2,"23":0,"24":0,"25":0,"26":5,"27":5},"f":{"0":2,"1":14,"2":5,"3":5},"b":{"0":[9],"1":[14,6],"2":[0],"3":[5,5,0],"4":[0],"5":[3],"6":[2],"7":[5,5,5]}}
,"C:\\study\\1-sprint-mission\\5-sprint-mission\\src\\controller\\imagesController.ts": {"path":"C:\\study\\1-sprint-mission\\5-sprint-mission\\src\\controller\\imagesController.ts","statementMap":{"0":{"start":{"line":37,"column":0},"end":{"line":37,"column":22}},"1":{"start":{"line":1,"column":0},"end":{"line":1,"column":67}},"2":{"start":{"line":2,"column":0},"end":{"line":2,"column":24}},"3":{"start":{"line":3,"column":0},"end":{"line":3,"column":36}},"4":{"start":{"line":4,"column":0},"end":{"line":4,"column":60}},"5":{"start":{"line":5,"column":0},"end":{"line":5,"column":60}},"6":{"start":{"line":8,"column":27},"end":{"line":8,"column":67}},"7":{"start":{"line":9,"column":24},"end":{"line":9,"column":39}},"8":{"start":{"line":11,"column":13},"end":{"line":35,"column":3}},"9":{"start":{"line":14,"column":6},"end":{"line":14,"column":28}},"10":{"start":{"line":17,"column":18},"end":{"line":17,"column":49}},"11":{"start":{"line":18,"column":23},"end":{"line":18,"column":42}},"12":{"start":{"line":19,"column":6},"end":{"line":19,"column":25}},"13":{"start":{"line":28,"column":4},"end":{"line":31,"column":5}},"14":{"start":{"line":29,"column":18},"end":{"line":29,"column":76}},"15":{"start":{"line":30,"column":6},"end":{"line":30,"column":21}},"16":{"start":{"line":33,"column":4},"end":{"line":33,"column":19}},"17":{"start":{"line":38,"column":2},"end":{"line":41,"column":3}},"18":{"start":{"line":39,"column":4},"end":{"line":39,"column":56}},"19":{"start":{"line":40,"column":4},"end":{"line":40,"column":11}},"20":{"start":{"line":42,"column":15},"end":{"line":42,"column":30}},"21":{"start":{"line":43,"column":19},"end":{"line":43,"column":60}},"22":{"start":{"line":44,"column":14},"end":{"line":44,"column":41}},"23":{"start":{"line":45,"column":2},"end":{"line":45,"column":20}}},"fnMap":{"0":{"name":"(anonymous_8)","decl":{"start":{"line":13,"column":4},"end":{"line":13,"column":15}},"loc":{"start":{"line":13,"column":69},"end":{"line":15,"column":5}}},"1":{"name":"(anonymous_9)","decl":{"start":{"line":16,"column":4},"end":{"line":16,"column":12}},"loc":{"start":{"line":16,"column":66},"end":{"line":20,"column":5}}},"2":{"name":"(anonymous_10)","decl":{"start":{"line":27,"column":14},"end":{"line":27,"column":24}},"loc":{"start":{"line":27,"column":87},"end":{"line":34,"column":3}}},"3":{"name":"uploadImage","decl":{"start":{"line":37,"column":22},"end":{"line":37,"column":33}},"loc":{"start":{"line":37,"column":61},"end":{"line":46,"column":null}}}},"branchMap":{"0":{"loc":{"start":{"line":28,"column":4},"end":{"line":31,"column":5}},"type":"if","locations":[{"start":{"line":28,"column":4},"end":{"line":31,"column":5}}]},"1":{"loc":{"start":{"line":38,"column":2},"end":{"line":41,"column":3}},"type":"if","locations":[{"start":{"line":38,"column":2},"end":{"line":41,"column":3}}]}},"s":{"0":3,"1":3,"2":3,"3":3,"4":3,"5":3,"6":3,"7":3,"8":3,"9":0,"10":0,"11":0,"12":0,"13":0,"14":0,"15":0,"16":0,"17":0,"18":0,"19":0,"20":0,"21":0,"22":0,"23":0},"f":{"0":0,"1":0,"2":0,"3":0},"b":{"0":[0],"1":[0]}}
,"C:\\study\\1-sprint-mission\\5-sprint-mission\\src\\controller\\notificationsController.ts": {"path":"C:\\study\\1-sprint-mission\\5-sprint-mission\\src\\controller\\notificationsController.ts","statementMap":{"0":{"start":{"line":2,"column":0},"end":{"line":2,"column":61}},"1":{"start":{"line":3,"column":0},"end":{"line":3,"column":57}},"2":{"start":{"line":4,"column":0},"end":{"line":4,"column":37}},"3":{"start":{"line":6,"column":32},"end":{"line":13,"column":2}},"4":{"start":{"line":6,"column":70},"end":{"line":13,"column":2}},"5":{"start":{"line":7,"column":15},"end":{"line":7,"column":23}},"6":{"start":{"line":8,"column":23},"end":{"line":8,"column":57}},"7":{"start":{"line":10,"column":17},"end":{"line":10,"column":60}},"8":{"start":{"line":11,"column":2},"end":{"line":11,"column":31}},"9":{"start":{"line":12,"column":2},"end":{"line":12,"column":9}},"10":{"start":{"line":6,"column":13},"end":{"line":6,"column":32}}},"fnMap":{"0":{"name":"(anonymous_7)","decl":{"start":{"line":6,"column":32},"end":{"line":6,"column":39}},"loc":{"start":{"line":6,"column":70},"end":{"line":13,"column":2}}},"1":{"name":"(anonymous_8)","decl":{"start":{"line":6,"column":70},"end":{"line":6,"column":null}},"loc":{"start":{"line":6,"column":70},"end":{"line":13,"column":1}}}},"branchMap":{},"s":{"0":3,"1":3,"2":3,"3":3,"4":0,"5":0,"6":0,"7":0,"8":0,"9":0,"10":3},"f":{"0":0,"1":0},"b":{}}
,"C:\\study\\1-sprint-mission\\5-sprint-mission\\src\\controller\\productController.ts": {"path":"C:\\study\\1-sprint-mission\\5-sprint-mission\\src\\controller\\productController.ts","statementMap":{"0":{"start":{"line":1,"column":0},"end":{"line":1,"column":null}},"1":{"start":{"line":6,"column":0},"end":{"line":6,"column":96}},"2":{"start":{"line":7,"column":0},"end":{"line":7,"column":57}},"3":{"start":{"line":8,"column":0},"end":{"line":8,"column":37}},"4":{"start":{"line":9,"column":0},"end":{"line":9,"column":null}},"5":{"start":{"line":18,"column":0},"end":{"line":18,"column":59}},"6":{"start":{"line":20,"column":0},"end":{"line":20,"column":59}},"7":{"start":{"line":21,"column":0},"end":{"line":21,"column":93}},"8":{"start":{"line":22,"column":0},"end":{"line":22,"column":88}},"9":{"start":{"line":28,"column":41},"end":{"line":44,"column":2}},"10":{"start":{"line":28,"column":60},"end":{"line":44,"column":2}},"11":{"start":{"line":29,"column":15},"end":{"line":29,"column":56}},"12":{"start":{"line":30,"column":15},"end":{"line":30,"column":23}},"13":{"start":{"line":32,"column":2},"end":{"line":34,"column":3}},"14":{"start":{"line":33,"column":4},"end":{"line":33,"column":48}},"15":{"start":{"line":35,"column":19},"end":{"line":37,"column":null}},"16":{"start":{"line":40,"column":18},"end":{"line":40,"column":41}},"17":{"start":{"line":42,"column":2},"end":{"line":42,"column":52}},"18":{"start":{"line":43,"column":2},"end":{"line":43,"column":9}},"19":{"start":{"line":28,"column":13},"end":{"line":28,"column":41}},"20":{"start":{"line":46,"column":42},"end":{"line":64,"column":2}},"21":{"start":{"line":46,"column":61},"end":{"line":64,"column":2}},"22":{"start":{"line":47,"column":15},"end":{"line":47,"column":35}},"23":{"start":{"line":48,"column":22},"end":{"line":48,"column":86}},"24":{"start":{"line":49,"column":2},"end":{"line":51,"column":3}},"25":{"start":{"line":50,"column":4},"end":{"line":50,"column":48}},"26":{"start":{"line":52,"column":20},"end":{"line":52,"column":50}},"27":{"start":{"line":54,"column":18},"end":{"line":58,"column":null}},"28":{"start":{"line":61,"column":17},"end":{"line":61,"column":45}},"29":{"start":{"line":62,"column":2},"end":{"line":62,"column":19}},"30":{"start":{"line":63,"column":2},"end":{"line":63,"column":9}},"31":{"start":{"line":46,"column":13},"end":{"line":46,"column":42}},"32":{"start":{"line":66,"column":38},"end":{"line":72,"column":2}},"33":{"start":{"line":66,"column":57},"end":{"line":72,"column":2}},"34":{"start":{"line":67,"column":17},"end":{"line":67,"column":51}},"35":{"start":{"line":68,"column":18},"end":{"line":68,"column":35}},"36":{"start":{"line":70,"column":2},"end":{"line":70,"column":40}},"37":{"start":{"line":71,"column":2},"end":{"line":71,"column":9}},"38":{"start":{"line":66,"column":13},"end":{"line":66,"column":38}},"39":{"start":{"line":74,"column":41},"end":{"line":86,"column":2}},"40":{"start":{"line":74,"column":60},"end":{"line":86,"column":2}},"41":{"start":{"line":75,"column":17},"end":{"line":75,"column":51}},"42":{"start":{"line":76,"column":15},"end":{"line":76,"column":56}},"43":{"start":{"line":77,"column":2},"end":{"line":77,"column":20}},"44":{"start":{"line":79,"column":19},"end":{"line":81,"column":null}},"45":{"start":{"line":83,"column":18},"end":{"line":83,"column":43}},"46":{"start":{"line":84,"column":2},"end":{"line":84,"column":40}},"47":{"start":{"line":85,"column":2},"end":{"line":85,"column":9}},"48":{"start":{"line":74,"column":13},"end":{"line":74,"column":41}},"49":{"start":{"line":88,"column":41},"end":{"line":93,"column":2}},"50":{"start":{"line":88,"column":60},"end":{"line":93,"column":2}},"51":{"start":{"line":89,"column":17},"end":{"line":89,"column":51}},"52":{"start":{"line":90,"column":2},"end":{"line":90,"column":20}},"53":{"start":{"line":91,"column":2},"end":{"line":91,"column":21}},"54":{"start":{"line":92,"column":2},"end":{"line":92,"column":25}},"55":{"start":{"line":88,"column":13},"end":{"line":88,"column":41}},"56":{"start":{"line":95,"column":41},"end":{"line":114,"column":2}},"57":{"start":{"line":95,"column":60},"end":{"line":114,"column":2}},"58":{"start":{"line":96,"column":28},"end":{"line":96,"column":62}},"59":{"start":{"line":97,"column":22},"end":{"line":97,"column":63}},"60":{"start":{"line":98,"column":17},"end":{"line":98,"column":29}},"61":{"start":{"line":100,"column":2},"end":{"line":102,"column":3}},"62":{"start":{"line":101,"column":4},"end":{"line":101,"column":48}},"63":{"start":{"line":103,"column":51},"end":{"line":107,"column":4}},"64":{"start":{"line":109,"column":2},"end":{"line":109,"column":27}},"65":{"start":{"line":111,"column":18},"end":{"line":111,"column":54}},"66":{"start":{"line":112,"column":2},"end":{"line":112,"column":59}},"67":{"start":{"line":113,"column":2},"end":{"line":113,"column":9}},"68":{"start":{"line":95,"column":13},"end":{"line":95,"column":41}},"69":{"start":{"line":116,"column":42},"end":{"line":125,"column":2}},"70":{"start":{"line":116,"column":61},"end":{"line":125,"column":2}},"71":{"start":{"line":117,"column":28},"end":{"line":117,"column":62}},"72":{"start":{"line":118,"column":28},"end":{"line":118,"column":73}},"73":{"start":{"line":120,"column":2},"end":{"line":120,"column":27}},"74":{"start":{"line":121,"column":17},"end":{"line":121,"column":70}},"75":{"start":{"line":123,"column":2},"end":{"line":123,"column":19}},"76":{"start":{"line":124,"column":2},"end":{"line":124,"column":9}},"77":{"start":{"line":116,"column":13},"end":{"line":116,"column":42}},"78":{"start":{"line":127,"column":39},"end":{"line":143,"column":2}},"79":{"start":{"line":127,"column":58},"end":{"line":143,"column":2}},"80":{"start":{"line":128,"column":20},"end":{"line":128,"column":43}},"81":{"start":{"line":130,"column":2},"end":{"line":132,"column":3}},"82":{"start":{"line":131,"column":4},"end":{"line":131,"column":48}},"83":{"start":{"line":134,"column":17},"end":{"line":134,"column":28}},"84":{"start":{"line":136,"column":41},"end":{"line":139,"column":4}},"85":{"start":{"line":141,"column":15},"end":{"line":141,"column":49}},"86":{"start":{"line":142,"column":2},"end":{"line":142,"column":29}},"87":{"start":{"line":127,"column":13},"end":{"line":127,"column":39}}},"fnMap":{"0":{"name":"(anonymous_8)","decl":{"start":{"line":28,"column":41},"end":{"line":28,"column":48}},"loc":{"start":{"line":28,"column":60},"end":{"line":44,"column":2}}},"1":{"name":"(anonymous_9)","decl":{"start":{"line":28,"column":60},"end":{"line":28,"column":null}},"loc":{"start":{"line":28,"column":60},"end":{"line":44,"column":1}}},"2":{"name":"(anonymous_10)","decl":{"start":{"line":46,"column":42},"end":{"line":46,"column":49}},"loc":{"start":{"line":46,"column":61},"end":{"line":64,"column":2}}},"3":{"name":"(anonymous_11)","decl":{"start":{"line":46,"column":61},"end":{"line":46,"column":null}},"loc":{"start":{"line":46,"column":61},"end":{"line":64,"column":1}}},"4":{"name":"(anonymous_12)","decl":{"start":{"line":66,"column":38},"end":{"line":66,"column":45}},"loc":{"start":{"line":66,"column":57},"end":{"line":72,"column":2}}},"5":{"name":"(anonymous_13)","decl":{"start":{"line":66,"column":57},"end":{"line":66,"column":null}},"loc":{"start":{"line":66,"column":57},"end":{"line":72,"column":1}}},"6":{"name":"(anonymous_14)","decl":{"start":{"line":74,"column":41},"end":{"line":74,"column":48}},"loc":{"start":{"line":74,"column":60},"end":{"line":86,"column":2}}},"7":{"name":"(anonymous_15)","decl":{"start":{"line":74,"column":60},"end":{"line":74,"column":null}},"loc":{"start":{"line":74,"column":60},"end":{"line":86,"column":1}}},"8":{"name":"(anonymous_16)","decl":{"start":{"line":88,"column":41},"end":{"line":88,"column":48}},"loc":{"start":{"line":88,"column":60},"end":{"line":93,"column":2}}},"9":{"name":"(anonymous_17)","decl":{"start":{"line":88,"column":60},"end":{"line":88,"column":null}},"loc":{"start":{"line":88,"column":60},"end":{"line":93,"column":1}}},"10":{"name":"(anonymous_18)","decl":{"start":{"line":95,"column":41},"end":{"line":95,"column":48}},"loc":{"start":{"line":95,"column":60},"end":{"line":114,"column":2}}},"11":{"name":"(anonymous_19)","decl":{"start":{"line":95,"column":60},"end":{"line":95,"column":null}},"loc":{"start":{"line":95,"column":60},"end":{"line":114,"column":1}}},"12":{"name":"(anonymous_20)","decl":{"start":{"line":116,"column":42},"end":{"line":116,"column":49}},"loc":{"start":{"line":116,"column":61},"end":{"line":125,"column":2}}},"13":{"name":"(anonymous_21)","decl":{"start":{"line":116,"column":61},"end":{"line":116,"column":null}},"loc":{"start":{"line":116,"column":61},"end":{"line":125,"column":1}}},"14":{"name":"(anonymous_22)","decl":{"start":{"line":127,"column":39},"end":{"line":127,"column":46}},"loc":{"start":{"line":127,"column":58},"end":{"line":143,"column":2}}},"15":{"name":"(anonymous_23)","decl":{"start":{"line":127,"column":58},"end":{"line":127,"column":null}},"loc":{"start":{"line":127,"column":58},"end":{"line":143,"column":1}}}},"branchMap":{"0":{"loc":{"start":{"line":32,"column":2},"end":{"line":34,"column":3}},"type":"if","locations":[{"start":{"line":32,"column":2},"end":{"line":34,"column":3}}]},"1":{"loc":{"start":{"line":47,"column":15},"end":{"line":47,"column":35}},"type":"cond-expr","locations":[{"start":{"line":47,"column":27},"end":{"line":47,"column":31}},{"start":{"line":47,"column":31},"end":{"line":47,"column":35}}]},"2":{"loc":{"start":{"line":47,"column":15},"end":{"line":47,"column":31}},"type":"binary-expr","locations":[{"start":{"line":47,"column":15},"end":{"line":47,"column":31}},{"start":{"line":47,"column":27},"end":{"line":47,"column":31}}]},"3":{"loc":{"start":{"line":47,"column":15},"end":{"line":47,"column":27}},"type":"cond-expr","locations":[{"start":{"line":47,"column":23},"end":{"line":47,"column":25}},{"start":{"line":47,"column":23},"end":{"line":47,"column":27}}]},"4":{"loc":{"start":{"line":47,"column":15},"end":{"line":47,"column":25}},"type":"binary-expr","locations":[{"start":{"line":47,"column":15},"end":{"line":47,"column":25}},{"start":{"line":47,"column":23},"end":{"line":47,"column":25}}]},"5":{"loc":{"start":{"line":49,"column":2},"end":{"line":51,"column":3}},"type":"if","locations":[{"start":{"line":49,"column":2},"end":{"line":51,"column":3}}]},"6":{"loc":{"start":{"line":49,"column":6},"end":{"line":49,"column":36}},"type":"binary-expr","locations":[{"start":{"line":49,"column":6},"end":{"line":49,"column":11}},{"start":{"line":49,"column":15},"end":{"line":49,"column":36}}]},"7":{"loc":{"start":{"line":56,"column":13},"end":{"line":56,"column":44}},"type":"cond-expr","locations":[{"start":{"line":56,"column":32},"end":{"line":56,"column":36}},{"start":{"line":56,"column":36},"end":{"line":56,"column":44}}]},"8":{"loc":{"start":{"line":56,"column":13},"end":{"line":56,"column":36}},"type":"binary-expr","locations":[{"start":{"line":56,"column":13},"end":{"line":56,"column":36}},{"start":{"line":56,"column":32},"end":{"line":56,"column":36}}]},"9":{"loc":{"start":{"line":57,"column":13},"end":{"line":57,"column":38}},"type":"binary-expr","locations":[{"start":{"line":57,"column":13},"end":{"line":57,"column":32}},{"start":{"line":57,"column":36},"end":{"line":57,"column":38}}]},"10":{"loc":{"start":{"line":98,"column":17},"end":{"line":98,"column":29}},"type":"cond-expr","locations":[{"start":{"line":98,"column":25},"end":{"line":98,"column":27}},{"start":{"line":98,"column":25},"end":{"line":98,"column":29}}]},"11":{"loc":{"start":{"line":98,"column":17},"end":{"line":98,"column":27}},"type":"binary-expr","locations":[{"start":{"line":98,"column":17},"end":{"line":98,"column":27}},{"start":{"line":98,"column":25},"end":{"line":98,"column":27}}]},"12":{"loc":{"start":{"line":100,"column":2},"end":{"line":102,"column":3}},"type":"if","locations":[{"start":{"line":100,"column":2},"end":{"line":102,"column":3}}]},"13":{"loc":{"start":{"line":130,"column":2},"end":{"line":132,"column":3}},"type":"if","locations":[{"start":{"line":130,"column":2},"end":{"line":132,"column":3}}]}},"s":{"0":3,"1":3,"2":3,"3":3,"4":3,"5":3,"6":3,"7":3,"8":3,"9":3,"10":2,"11":2,"12":1,"13":1,"14":0,"15":1,"16":1,"17":1,"18":1,"19":3,"20":3,"21":6,"22":6,"23":6,"24":6,"25":0,"26":6,"27":6,"28":6,"29":6,"30":6,"31":3,"32":3,"33":2,"34":2,"35":1,"36":1,"37":1,"38":3,"39":3,"40":3,"41":3,"42":3,"43":3,"44":2,"45":2,"46":2,"47":2,"48":3,"49":3,"50":2,"51":2,"52":1,"53":1,"54":1,"55":3,"56":3,"57":1,"58":1,"59":1,"60":1,"61":1,"62":0,"63":1,"64":1,"65":1,"66":1,"67":1,"68":3,"69":3,"70":1,"71":1,"72":1,"73":1,"74":1,"75":1,"76":1,"77":3,"78":3,"79":2,"80":2,"81":2,"82":0,"83":2,"84":2,"85":2,"86":2,"87":3},"f":{"0":2,"1":2,"2":6,"3":6,"4":2,"5":2,"6":3,"7":3,"8":2,"9":2,"10":1,"11":1,"12":1,"13":1,"14":2,"15":2},"b":{"0":[0],"1":[1,5],"2":[6,6],"3":[5,1],"4":[6,6],"5":[0],"6":[6,5],"7":[6,0],"8":[6,6],"9":[6,5],"10":[0,1],"11":[1,1],"12":[0],"13":[0]}}
,"C:\\study\\1-sprint-mission\\5-sprint-mission\\src\\controller\\userController.ts": {"path":"C:\\study\\1-sprint-mission\\5-sprint-mission\\src\\controller\\userController.ts","statementMap":{"0":{"start":{"line":1,"column":0},"end":{"line":1,"column":60}},"1":{"start":{"line":2,"column":0},"end":{"line":2,"column":null}},"2":{"start":{"line":13,"column":0},"end":{"line":13,"column":null}},"3":{"start":{"line":21,"column":0},"end":{"line":21,"column":37}},"4":{"start":{"line":23,"column":0},"end":{"line":23,"column":59}},"5":{"start":{"line":24,"column":0},"end":{"line":24,"column":92}},"6":{"start":{"line":25,"column":0},"end":{"line":25,"column":61}},"7":{"start":{"line":26,"column":0},"end":{"line":26,"column":60}},"8":{"start":{"line":27,"column":0},"end":{"line":27,"column":50}},"9":{"start":{"line":28,"column":0},"end":{"line":28,"column":67}},"10":{"start":{"line":29,"column":0},"end":{"line":29,"column":57}},"11":{"start":{"line":34,"column":38},"end":{"line":52,"column":2}},"12":{"start":{"line":34,"column":57},"end":{"line":52,"column":2}},"13":{"start":{"line":35,"column":40},"end":{"line":35,"column":74}},"14":{"start":{"line":36,"column":18},"end":{"line":36,"column":43}},"15":{"start":{"line":38,"column":2},"end":{"line":41,"column":3}},"16":{"start":{"line":39,"column":4},"end":{"line":39,"column":57}},"17":{"start":{"line":40,"column":4},"end":{"line":40,"column":11}},"18":{"start":{"line":43,"column":35},"end":{"line":47,"column":4}},"19":{"start":{"line":49,"column":15},"end":{"line":49,"column":35}},"20":{"start":{"line":50,"column":2},"end":{"line":50,"column":46}},"21":{"start":{"line":51,"column":2},"end":{"line":51,"column":9}},"22":{"start":{"line":34,"column":13},"end":{"line":34,"column":38}},"23":{"start":{"line":54,"column":37},"end":{"line":89,"column":2}},"24":{"start":{"line":54,"column":56},"end":{"line":89,"column":2}},"25":{"start":{"line":55,"column":30},"end":{"line":55,"column":63}},"26":{"start":{"line":57,"column":15},"end":{"line":57,"column":45}},"27":{"start":{"line":59,"column":2},"end":{"line":61,"column":3}},"28":{"start":{"line":60,"column":4},"end":{"line":60,"column":48}},"29":{"start":{"line":62,"column":2},"end":{"line":62,"column":48}},"30":{"start":{"line":64,"column":22},"end":{"line":64,"column":39}},"31":{"start":{"line":65,"column":23},"end":{"line":65,"column":51}},"32":{"start":{"line":67,"column":37},"end":{"line":70,"column":4}},"33":{"start":{"line":71,"column":2},"end":{"line":71,"column":27}},"34":{"start":{"line":73,"column":23},"end":{"line":73,"column":60}},"35":{"start":{"line":75,"column":2},"end":{"line":79,"column":5}},"36":{"start":{"line":81,"column":2},"end":{"line":85,"column":5}},"37":{"start":{"line":87,"column":2},"end":{"line":87,"column":34}},"38":{"start":{"line":88,"column":2},"end":{"line":88,"column":9}},"39":{"start":{"line":54,"column":13},"end":{"line":54,"column":37}},"40":{"start":{"line":91,"column":35},"end":{"line":96,"column":2}},"41":{"start":{"line":91,"column":54},"end":{"line":96,"column":2}},"42":{"start":{"line":92,"column":17},"end":{"line":92,"column":51}},"43":{"start":{"line":93,"column":15},"end":{"line":93,"column":36}},"44":{"start":{"line":94,"column":2},"end":{"line":94,"column":34}},"45":{"start":{"line":95,"column":2},"end":{"line":95,"column":9}},"46":{"start":{"line":91,"column":13},"end":{"line":91,"column":35}},"47":{"start":{"line":98,"column":38},"end":{"line":110,"column":2}},"48":{"start":{"line":98,"column":57},"end":{"line":110,"column":2}},"49":{"start":{"line":99,"column":16},"end":{"line":99,"column":44}},"50":{"start":{"line":100,"column":15},"end":{"line":100,"column":49}},"51":{"start":{"line":102,"column":18},"end":{"line":104,"column":null}},"52":{"start":{"line":106,"column":15},"end":{"line":106,"column":39}},"53":{"start":{"line":108,"column":2},"end":{"line":108,"column":34}},"54":{"start":{"line":109,"column":2},"end":{"line":109,"column":9}},"55":{"start":{"line":98,"column":13},"end":{"line":98,"column":38}},"56":{"start":{"line":112,"column":43},"end":{"line":123,"column":2}},"57":{"start":{"line":112,"column":62},"end":{"line":123,"column":2}},"58":{"start":{"line":113,"column":15},"end":{"line":113,"column":49}},"59":{"start":{"line":114,"column":49},"end":{"line":114,"column":87}},"60":{"start":{"line":115,"column":17},"end":{"line":119,"column":4}},"61":{"start":{"line":121,"column":2},"end":{"line":121,"column":19}},"62":{"start":{"line":122,"column":2},"end":{"line":122,"column":9}},"63":{"start":{"line":112,"column":13},"end":{"line":112,"column":43}},"64":{"start":{"line":125,"column":40},"end":{"line":161,"column":2}},"65":{"start":{"line":125,"column":59},"end":{"line":161,"column":2}},"66":{"start":{"line":126,"column":24},"end":{"line":126,"column":62}},"67":{"start":{"line":127,"column":2},"end":{"line":129,"column":3}},"68":{"start":{"line":128,"column":4},"end":{"line":128,"column":55}},"69":{"start":{"line":131,"column":21},"end":{"line":131,"column":54}},"70":{"start":{"line":133,"column":15},"end":{"line":133,"column":40}},"71":{"start":{"line":135,"column":16},"end":{"line":135,"column":58}},"72":{"start":{"line":137,"column":31},"end":{"line":140,"column":4}},"73":{"start":{"line":141,"column":22},"end":{"line":141,"column":39}},"74":{"start":{"line":143,"column":2},"end":{"line":143,"column":26}},"75":{"start":{"line":145,"column":2},"end":{"line":150,"column":5}},"76":{"start":{"line":152,"column":2},"end":{"line":157,"column":5}},"77":{"start":{"line":159,"column":2},"end":{"line":159,"column":21}},"78":{"start":{"line":160,"column":2},"end":{"line":160,"column":9}},"79":{"start":{"line":125,"column":13},"end":{"line":125,"column":40}},"80":{"start":{"line":163,"column":40},"end":{"line":169,"column":2}},"81":{"start":{"line":163,"column":59},"end":{"line":169,"column":2}},"82":{"start":{"line":164,"column":15},"end":{"line":164,"column":43}},"83":{"start":{"line":165,"column":29},"end":{"line":165,"column":67}},"84":{"start":{"line":166,"column":17},"end":{"line":166,"column":64}},"85":{"start":{"line":167,"column":2},"end":{"line":167,"column":19}},"86":{"start":{"line":168,"column":2},"end":{"line":168,"column":9}},"87":{"start":{"line":163,"column":13},"end":{"line":163,"column":40}},"88":{"start":{"line":171,"column":42},"end":{"line":181,"column":2}},"89":{"start":{"line":171,"column":61},"end":{"line":181,"column":2}},"90":{"start":{"line":172,"column":15},"end":{"line":172,"column":43}},"91":{"start":{"line":173,"column":19},"end":{"line":173,"column":56}},"92":{"start":{"line":175,"column":21},"end":{"line":175,"column":35}},"93":{"start":{"line":177,"column":17},"end":{"line":177,"column":61}},"94":{"start":{"line":179,"column":2},"end":{"line":179,"column":31}},"95":{"start":{"line":180,"column":2},"end":{"line":180,"column":9}},"96":{"start":{"line":171,"column":13},"end":{"line":171,"column":42}}},"fnMap":{"0":{"name":"(anonymous_8)","decl":{"start":{"line":34,"column":38},"end":{"line":34,"column":45}},"loc":{"start":{"line":34,"column":57},"end":{"line":52,"column":2}}},"1":{"name":"(anonymous_9)","decl":{"start":{"line":34,"column":57},"end":{"line":34,"column":null}},"loc":{"start":{"line":34,"column":57},"end":{"line":52,"column":1}}},"2":{"name":"(anonymous_10)","decl":{"start":{"line":54,"column":37},"end":{"line":54,"column":44}},"loc":{"start":{"line":54,"column":56},"end":{"line":89,"column":2}}},"3":{"name":"(anonymous_11)","decl":{"start":{"line":54,"column":56},"end":{"line":54,"column":null}},"loc":{"start":{"line":54,"column":56},"end":{"line":89,"column":1}}},"4":{"name":"(anonymous_12)","decl":{"start":{"line":91,"column":35},"end":{"line":91,"column":42}},"loc":{"start":{"line":91,"column":54},"end":{"line":96,"column":2}}},"5":{"name":"(anonymous_13)","decl":{"start":{"line":91,"column":54},"end":{"line":91,"column":null}},"loc":{"start":{"line":91,"column":54},"end":{"line":96,"column":1}}},"6":{"name":"(anonymous_14)","decl":{"start":{"line":98,"column":38},"end":{"line":98,"column":45}},"loc":{"start":{"line":98,"column":57},"end":{"line":110,"column":2}}},"7":{"name":"(anonymous_15)","decl":{"start":{"line":98,"column":57},"end":{"line":98,"column":null}},"loc":{"start":{"line":98,"column":57},"end":{"line":110,"column":1}}},"8":{"name":"(anonymous_16)","decl":{"start":{"line":112,"column":43},"end":{"line":112,"column":50}},"loc":{"start":{"line":112,"column":62},"end":{"line":123,"column":2}}},"9":{"name":"(anonymous_17)","decl":{"start":{"line":112,"column":62},"end":{"line":112,"column":null}},"loc":{"start":{"line":112,"column":62},"end":{"line":123,"column":1}}},"10":{"name":"(anonymous_18)","decl":{"start":{"line":125,"column":40},"end":{"line":125,"column":47}},"loc":{"start":{"line":125,"column":59},"end":{"line":161,"column":2}}},"11":{"name":"(anonymous_19)","decl":{"start":{"line":125,"column":59},"end":{"line":125,"column":null}},"loc":{"start":{"line":125,"column":59},"end":{"line":161,"column":1}}},"12":{"name":"(anonymous_20)","decl":{"start":{"line":163,"column":40},"end":{"line":163,"column":47}},"loc":{"start":{"line":163,"column":59},"end":{"line":169,"column":2}}},"13":{"name":"(anonymous_21)","decl":{"start":{"line":163,"column":59},"end":{"line":163,"column":null}},"loc":{"start":{"line":163,"column":59},"end":{"line":169,"column":1}}},"14":{"name":"(anonymous_22)","decl":{"start":{"line":171,"column":42},"end":{"line":171,"column":49}},"loc":{"start":{"line":171,"column":61},"end":{"line":181,"column":2}}},"15":{"name":"(anonymous_23)","decl":{"start":{"line":171,"column":61},"end":{"line":171,"column":null}},"loc":{"start":{"line":171,"column":61},"end":{"line":181,"column":1}}}},"branchMap":{"0":{"loc":{"start":{"line":38,"column":2},"end":{"line":41,"column":3}},"type":"if","locations":[{"start":{"line":38,"column":2},"end":{"line":41,"column":3}}]},"1":{"loc":{"start":{"line":59,"column":2},"end":{"line":61,"column":3}},"type":"if","locations":[{"start":{"line":59,"column":2},"end":{"line":61,"column":3}}]},"2":{"loc":{"start":{"line":77,"column":14},"end":{"line":77,"column":43}},"type":"cond-expr","locations":[{"start":{"line":77,"column":29},"end":{"line":77,"column":35}},{"start":{"line":77,"column":38},"end":{"line":77,"column":43}}]},"3":{"loc":{"start":{"line":83,"column":14},"end":{"line":83,"column":43}},"type":"cond-expr","locations":[{"start":{"line":83,"column":29},"end":{"line":83,"column":35}},{"start":{"line":83,"column":38},"end":{"line":83,"column":43}}]},"4":{"loc":{"start":{"line":114,"column":26},"end":{"line":114,"column":44}},"type":"default-arg","locations":[{"start":{"line":114,"column":36},"end":{"line":114,"column":44}}]},"5":{"loc":{"start":{"line":127,"column":2},"end":{"line":129,"column":3}},"type":"if","locations":[{"start":{"line":127,"column":2},"end":{"line":129,"column":3}}]}},"s":{"0":3,"1":3,"2":3,"3":3,"4":3,"5":3,"6":3,"7":3,"8":3,"9":3,"10":3,"11":3,"12":2,"13":2,"14":2,"15":2,"16":1,"17":1,"18":1,"19":1,"20":1,"21":1,"22":3,"23":3,"24":9,"25":9,"26":9,"27":9,"28":1,"29":8,"30":7,"31":7,"32":7,"33":7,"34":7,"35":7,"36":7,"37":7,"38":7,"39":3,"40":3,"41":3,"42":3,"43":3,"44":2,"45":2,"46":3,"47":3,"48":2,"49":2,"50":2,"51":2,"52":2,"53":2,"54":2,"55":3,"56":3,"57":6,"58":6,"59":5,"60":5,"61":5,"62":5,"63":3,"64":3,"65":2,"66":2,"67":2,"68":1,"69":1,"70":1,"71":1,"72":1,"73":1,"74":1,"75":1,"76":1,"77":1,"78":1,"79":3,"80":3,"81":3,"82":3,"83":3,"84":3,"85":3,"86":3,"87":3,"88":3,"89":2,"90":2,"91":2,"92":2,"93":2,"94":2,"95":2,"96":3},"f":{"0":2,"1":2,"2":9,"3":9,"4":3,"5":3,"6":2,"7":2,"8":6,"9":6,"10":2,"11":2,"12":3,"13":3,"14":2,"15":2},"b":{"0":[1],"1":[1],"2":[0,7],"3":[0,7],"4":[0],"5":[1]}}
,"C:\\study\\1-sprint-mission\\5-sprint-mission\\src\\dto\\articleDTO.ts": {"path":"C:\\study\\1-sprint-mission\\5-sprint-mission\\src\\dto\\articleDTO.ts","statementMap":{"0":{"start":{"line":5,"column":0},"end":{"line":5,"column":16}},"1":{"start":{"line":6,"column":2},"end":{"line":14,"column":4}}},"fnMap":{"0":{"name":"articleResponseDTO","decl":{"start":{"line":5,"column":16},"end":{"line":5,"column":34}},"loc":{"start":{"line":5,"column":51},"end":{"line":15,"column":1}}}},"branchMap":{},"s":{"0":3,"1":5},"f":{"0":5},"b":{}}
,"C:\\study\\1-sprint-mission\\5-sprint-mission\\src\\dto\\commentDTO.ts": {"path":"C:\\study\\1-sprint-mission\\5-sprint-mission\\src\\dto\\commentDTO.ts","statementMap":{"0":{"start":{"line":5,"column":0},"end":{"line":5,"column":16}},"1":{"start":{"line":16,"column":0},"end":{"line":16,"column":16}},"2":{"start":{"line":28,"column":0},"end":{"line":28,"column":16}},"3":{"start":{"line":6,"column":2},"end":{"line":13,"column":4}},"4":{"start":{"line":17,"column":2},"end":{"line":25,"column":4}},"5":{"start":{"line":29,"column":2},"end":{"line":36,"column":4}}},"fnMap":{"0":{"name":"articlecommentResponseDTO","decl":{"start":{"line":5,"column":16},"end":{"line":5,"column":41}},"loc":{"start":{"line":5,"column":58},"end":{"line":14,"column":1}}},"1":{"name":"commentResponseDTO","decl":{"start":{"line":16,"column":16},"end":{"line":16,"column":34}},"loc":{"start":{"line":16,"column":51},"end":{"line":26,"column":1}}},"2":{"name":"productcommentResponseDTO","decl":{"start":{"line":28,"column":16},"end":{"line":28,"column":41}},"loc":{"start":{"line":28,"column":58},"end":{"line":37,"column":1}}}},"branchMap":{},"s":{"0":3,"1":3,"2":3,"3":1,"4":0,"5":1},"f":{"0":1,"1":0,"2":1},"b":{}}
,"C:\\study\\1-sprint-mission\\5-sprint-mission\\src\\dto\\notificationDTO.ts": {"path":"C:\\study\\1-sprint-mission\\5-sprint-mission\\src\\dto\\notificationDTO.ts","statementMap":{"0":{"start":{"line":4,"column":4},"end":{"line":4,"column":21}},"1":{"start":{"line":1,"column":0},"end":{"line":1,"column":13}}},"fnMap":{"0":{"name":"(anonymous_0)","decl":{"start":{"line":3,"column":2},"end":{"line":3,"column":14}},"loc":{"start":{"line":3,"column":27},"end":{"line":5,"column":3}}}},"branchMap":{},"s":{"0":0,"1":5},"f":{"0":0},"b":{}}
,"C:\\study\\1-sprint-mission\\5-sprint-mission\\src\\dto\\productDTO.ts": {"path":"C:\\study\\1-sprint-mission\\5-sprint-mission\\src\\dto\\productDTO.ts","statementMap":{"0":{"start":{"line":5,"column":0},"end":{"line":5,"column":16}},"1":{"start":{"line":6,"column":2},"end":{"line":16,"column":4}}},"fnMap":{"0":{"name":"productResponseDTO","decl":{"start":{"line":5,"column":16},"end":{"line":5,"column":34}},"loc":{"start":{"line":5,"column":51},"end":{"line":17,"column":1}}}},"branchMap":{},"s":{"0":3,"1":4},"f":{"0":4},"b":{}}
,"C:\\study\\1-sprint-mission\\5-sprint-mission\\src\\dto\\userDTO.ts": {"path":"C:\\study\\1-sprint-mission\\5-sprint-mission\\src\\dto\\userDTO.ts","statementMap":{"0":{"start":{"line":5,"column":0},"end":{"line":5,"column":16}},"1":{"start":{"line":42,"column":0},"end":{"line":42,"column":16}},"2":{"start":{"line":6,"column":2},"end":{"line":13,"column":4}},"3":{"start":{"line":43,"column":2},"end":{"line":52,"column":4}}},"fnMap":{"0":{"name":"userResponseDTO","decl":{"start":{"line":5,"column":16},"end":{"line":5,"column":31}},"loc":{"start":{"line":5,"column":77},"end":{"line":14,"column":1}}},"1":{"name":"userTransform","decl":{"start":{"line":42,"column":16},"end":{"line":42,"column":29}},"loc":{"start":{"line":42,"column":46},"end":{"line":53,"column":1}}}},"branchMap":{"0":{"loc":{"start":{"line":51,"column":18},"end":{"line":51,"column":43}},"type":"cond-expr","locations":[{"start":{"line":51,"column":35},"end":{"line":51,"column":39}},{"start":{"line":51,"column":39},"end":{"line":51,"column":43}}]},"1":{"loc":{"start":{"line":51,"column":18},"end":{"line":51,"column":39}},"type":"binary-expr","locations":[{"start":{"line":51,"column":18},"end":{"line":51,"column":39}},{"start":{"line":51,"column":35},"end":{"line":51,"column":39}}]}},"s":{"0":3,"1":3,"2":5,"3":0},"f":{"0":5,"1":0},"b":{"0":[0,0],"1":[0,0]}}
,"C:\\study\\1-sprint-mission\\5-sprint-mission\\src\\lib\\async-handler.ts": {"path":"C:\\study\\1-sprint-mission\\5-sprint-mission\\src\\lib\\async-handler.ts","statementMap":{"0":{"start":{"line":3,"column":0},"end":{"line":3,"column":16}},"1":{"start":{"line":6,"column":2},"end":{"line":12,"column":4}},"2":{"start":{"line":7,"column":4},"end":{"line":11,"column":5}},"3":{"start":{"line":8,"column":6},"end":{"line":8,"column":36}},"4":{"start":{"line":10,"column":6},"end":{"line":10,"column":14}}},"fnMap":{"0":{"name":"asyncHandler","decl":{"start":{"line":3,"column":16},"end":{"line":3,"column":28}},"loc":{"start":{"line":4,"column":77},"end":{"line":13,"column":1}}},"1":{"name":"(anonymous_8)","decl":{"start":{"line":6,"column":9},"end":{"line":6,"column":25}},"loc":{"start":{"line":6,"column":72},"end":{"line":12,"column":4}}}},"branchMap":{},"s":{"0":3,"1":84,"2":69,"3":69,"4":14},"f":{"0":84,"1":69},"b":{}}
,"C:\\study\\1-sprint-mission\\5-sprint-mission\\src\\lib\\constants.ts": {"path":"C:\\study\\1-sprint-mission\\5-sprint-mission\\src\\lib\\constants.ts","statementMap":{"0":{"start":{"line":1,"column":0},"end":{"line":1,"column":24}},"1":{"start":{"line":2,"column":0},"end":{"line":2,"column":28}},"2":{"start":{"line":3,"column":0},"end":{"line":3,"column":16}},"3":{"start":{"line":5,"column":0},"end":{"line":7,"column":1}},"4":{"start":{"line":6,"column":2},"end":{"line":6,"column":65}},"5":{"start":{"line":9,"column":0},"end":{"line":11,"column":1}},"6":{"start":{"line":10,"column":2},"end":{"line":10,"column":66}},"7":{"start":{"line":13,"column":13},"end":{"line":13,"column":62}},"8":{"start":{"line":14,"column":13},"end":{"line":14,"column":64}},"9":{"start":{"line":15,"column":13},"end":{"line":15,"column":73}},"10":{"start":{"line":16,"column":13},"end":{"line":16,"column":75}},"11":{"start":{"line":17,"column":13},"end":{"line":17,"column":77}},"12":{"start":{"line":18,"column":13},"end":{"line":18,"column":81}},"13":{"start":{"line":19,"column":13},"end":{"line":19,"column":70}},"14":{"start":{"line":20,"column":13},"end":{"line":20,"column":58}},"15":{"start":{"line":21,"column":13},"end":{"line":21,"column":46}}},"fnMap":{},"branchMap":{"0":{"loc":{"start":{"line":5,"column":0},"end":{"line":7,"column":1}},"type":"if","locations":[{"start":{"line":5,"column":0},"end":{"line":7,"column":1}}]},"1":{"loc":{"start":{"line":9,"column":0},"end":{"line":11,"column":1}},"type":"if","locations":[{"start":{"line":9,"column":0},"end":{"line":11,"column":1}}]},"2":{"loc":{"start":{"line":18,"column":28},"end":{"line":18,"column":80}},"type":"cond-expr","locations":[{"start":{"line":18,"column":47},"end":{"line":18,"column":73}},{"start":{"line":18,"column":76},"end":{"line":18,"column":80}}]},"3":{"loc":{"start":{"line":19,"column":32},"end":{"line":19,"column":69}},"type":"binary-expr","locations":[{"start":{"line":19,"column":32},"end":{"line":19,"column":52}},{"start":{"line":19,"column":56},"end":{"line":19,"column":69}}]}},"s":{"0":3,"1":3,"2":3,"3":3,"4":0,"5":3,"6":0,"7":3,"8":3,"9":3,"10":3,"11":3,"12":3,"13":3,"14":3,"15":3},"f":{},"b":{"0":[0],"1":[0],"2":[3,0],"3":[3,0]}}
,"C:\\study\\1-sprint-mission\\5-sprint-mission\\src\\lib\\prisma.ts": {"path":"C:\\study\\1-sprint-mission\\5-sprint-mission\\src\\lib\\prisma.ts","statementMap":{"0":{"start":{"line":1,"column":0},"end":{"line":1,"column":46}},"1":{"start":{"line":3,"column":15},"end":{"line":3,"column":33}},"2":{"start":{"line":5,"column":0},"end":{"line":5,"column":22}}},"fnMap":{},"branchMap":{},"s":{"0":8,"1":8,"2":8},"f":{},"b":{}}
,"C:\\study\\1-sprint-mission\\5-sprint-mission\\src\\lib\\testUtils.ts": {"path":"C:\\study\\1-sprint-mission\\5-sprint-mission\\src\\lib\\testUtils.ts","statementMap":{"0":{"start":{"line":3,"column":0},"end":{"line":3,"column":22}},"1":{"start":{"line":18,"column":0},"end":{"line":18,"column":22}},"2":{"start":{"line":22,"column":0},"end":{"line":22,"column":22}},"3":{"start":{"line":4,"column":2},"end":{"line":15,"column":4}},"4":{"start":{"line":19,"column":2},"end":{"line":19,"column":92}},"5":{"start":{"line":23,"column":2},"end":{"line":23,"column":92}}},"fnMap":{"0":{"name":"clearDatabase","decl":{"start":{"line":3,"column":22},"end":{"line":3,"column":35}},"loc":{"start":{"line":3,"column":62},"end":{"line":16,"column":null}}},"1":{"name":"clearCommentsWithReset","decl":{"start":{"line":18,"column":22},"end":{"line":18,"column":44}},"loc":{"start":{"line":18,"column":71},"end":{"line":20,"column":null}}},"2":{"name":"clearProductsWithReset","decl":{"start":{"line":22,"column":22},"end":{"line":22,"column":44}},"loc":{"start":{"line":22,"column":71},"end":{"line":24,"column":null}}}},"branchMap":{},"s":{"0":3,"1":3,"2":3,"3":3,"4":1,"5":7},"f":{"0":3,"1":1,"2":7},"b":{}}
,"C:\\study\\1-sprint-mission\\5-sprint-mission\\src\\lib\\token.ts": {"path":"C:\\study\\1-sprint-mission\\5-sprint-mission\\src\\lib\\token.ts","statementMap":{"0":{"start":{"line":4,"column":0},"end":{"line":4,"column":16}},"1":{"start":{"line":11,"column":0},"end":{"line":11,"column":16}},"2":{"start":{"line":20,"column":0},"end":{"line":20,"column":16}},"3":{"start":{"line":1,"column":0},"end":{"line":1,"column":31}},"4":{"start":{"line":2,"column":0},"end":{"line":2,"column":80}},"5":{"start":{"line":5,"column":22},"end":{"line":5,"column":92}},"6":{"start":{"line":6,"column":23},"end":{"line":6,"column":94}},"7":{"start":{"line":8,"column":2},"end":{"line":8,"column":39}},"8":{"start":{"line":12,"column":18},"end":{"line":12,"column":60}},"9":{"start":{"line":13,"column":2},"end":{"line":15,"column":3}},"10":{"start":{"line":14,"column":4},"end":{"line":14,"column":45}},"11":{"start":{"line":17,"column":2},"end":{"line":17,"column":36}},"12":{"start":{"line":21,"column":18},"end":{"line":21,"column":61}},"13":{"start":{"line":23,"column":2},"end":{"line":25,"column":3}},"14":{"start":{"line":24,"column":4},"end":{"line":24,"column":45}},"15":{"start":{"line":27,"column":2},"end":{"line":27,"column":36}}},"fnMap":{"0":{"name":"generateTokens","decl":{"start":{"line":4,"column":16},"end":{"line":4,"column":30}},"loc":{"start":{"line":4,"column":45},"end":{"line":9,"column":1}}},"1":{"name":"verifyAccessToken","decl":{"start":{"line":11,"column":16},"end":{"line":11,"column":33}},"loc":{"start":{"line":11,"column":47},"end":{"line":18,"column":1}}},"2":{"name":"verifyRefreshToken","decl":{"start":{"line":20,"column":16},"end":{"line":20,"column":34}},"loc":{"start":{"line":20,"column":48},"end":{"line":28,"column":1}}}},"branchMap":{"0":{"loc":{"start":{"line":13,"column":2},"end":{"line":15,"column":3}},"type":"if","locations":[{"start":{"line":13,"column":2},"end":{"line":15,"column":3}}]},"1":{"loc":{"start":{"line":13,"column":6},"end":{"line":13,"column":53}},"type":"binary-expr","locations":[{"start":{"line":13,"column":6},"end":{"line":13,"column":33}},{"start":{"line":13,"column":37},"end":{"line":13,"column":53}}]},"2":{"loc":{"start":{"line":23,"column":2},"end":{"line":25,"column":3}},"type":"if","locations":[{"start":{"line":23,"column":2},"end":{"line":25,"column":3}}]},"3":{"loc":{"start":{"line":23,"column":6},"end":{"line":23,"column":53}},"type":"binary-expr","locations":[{"start":{"line":23,"column":6},"end":{"line":23,"column":33}},{"start":{"line":23,"column":37},"end":{"line":23,"column":53}}]}},"s":{"0":3,"1":3,"2":3,"3":3,"4":3,"5":0,"6":0,"7":0,"8":36,"9":36,"10":0,"11":36,"12":1,"13":1,"14":0,"15":1},"f":{"0":0,"1":36,"2":1},"b":{"0":[0],"1":[36,36],"2":[0],"3":[1,1]}}
,"C:\\study\\1-sprint-mission\\5-sprint-mission\\src\\lib\\errors\\BadRequestError.ts": {"path":"C:\\study\\1-sprint-mission\\5-sprint-mission\\src\\lib\\errors\\BadRequestError.ts","statementMap":{"0":{"start":{"line":5,"column":4},"end":{"line":5,"column":19}},"1":{"start":{"line":6,"column":4},"end":{"line":6,"column":34}},"2":{"start":{"line":7,"column":4},"end":{"line":7,"column":22}},"3":{"start":{"line":11,"column":0},"end":{"line":11,"column":31}}},"fnMap":{"0":{"name":"(anonymous_0)","decl":{"start":{"line":4,"column":2},"end":{"line":4,"column":14}},"loc":{"start":{"line":4,"column":29},"end":{"line":8,"column":3}}}},"branchMap":{},"s":{"0":1,"1":1,"2":1,"3":3},"f":{"0":1},"b":{}}
,"C:\\study\\1-sprint-mission\\5-sprint-mission\\src\\lib\\errors\\NotFoundError.ts": {"path":"C:\\study\\1-sprint-mission\\5-sprint-mission\\src\\lib\\errors\\NotFoundError.ts","statementMap":{"0":{"start":{"line":3,"column":4},"end":{"line":3,"column":19}},"1":{"start":{"line":4,"column":4},"end":{"line":4,"column":32}},"2":{"start":{"line":8,"column":0},"end":{"line":8,"column":29}}},"fnMap":{"0":{"name":"(anonymous_0)","decl":{"start":{"line":2,"column":2},"end":{"line":2,"column":14}},"loc":{"start":{"line":2,"column":29},"end":{"line":5,"column":3}}}},"branchMap":{},"s":{"0":4,"1":4,"2":5},"f":{"0":4},"b":{}}
,"C:\\study\\1-sprint-mission\\5-sprint-mission\\src\\lib\\errors\\Unauthorized.ts": {"path":"C:\\study\\1-sprint-mission\\5-sprint-mission\\src\\lib\\errors\\Unauthorized.ts","statementMap":{"0":{"start":{"line":3,"column":4},"end":{"line":3,"column":19}},"1":{"start":{"line":4,"column":4},"end":{"line":4,"column":36}},"2":{"start":{"line":8,"column":0},"end":{"line":8,"column":33}}},"fnMap":{"0":{"name":"(anonymous_0)","decl":{"start":{"line":2,"column":2},"end":{"line":2,"column":14}},"loc":{"start":{"line":2,"column":29},"end":{"line":5,"column":3}}}},"branchMap":{},"s":{"0":2,"1":2,"2":3},"f":{"0":2},"b":{}}
,"C:\\study\\1-sprint-mission\\5-sprint-mission\\src\\middlewares\\authenticate.ts": {"path":"C:\\study\\1-sprint-mission\\5-sprint-mission\\src\\middlewares\\authenticate.ts","statementMap":{"0":{"start":{"line":6,"column":0},"end":{"line":6,"column":16}},"1":{"start":{"line":1,"column":0},"end":{"line":1,"column":49}},"2":{"start":{"line":2,"column":0},"end":{"line":2,"column":60}},"3":{"start":{"line":4,"column":0},"end":{"line":4,"column":54}},"4":{"start":{"line":7,"column":2},"end":{"line":36,"column":4}},"5":{"start":{"line":7,"column":82},"end":{"line":36,"column":4}},"6":{"start":{"line":8,"column":24},"end":{"line":8,"column":61}},"7":{"start":{"line":9,"column":4},"end":{"line":16,"column":5}},"8":{"start":{"line":10,"column":6},"end":{"line":13,"column":7}},"9":{"start":{"line":11,"column":8},"end":{"line":11,"column":15}},"10":{"start":{"line":12,"column":8},"end":{"line":12,"column":15}},"11":{"start":{"line":14,"column":6},"end":{"line":14,"column":56}},"12":{"start":{"line":15,"column":6},"end":{"line":15,"column":13}},"13":{"start":{"line":18,"column":4},"end":{"line":34,"column":5}},"14":{"start":{"line":19,"column":25},"end":{"line":19,"column":55}},"15":{"start":{"line":20,"column":19},"end":{"line":20,"column":39}},"16":{"start":{"line":22,"column":6},"end":{"line":25,"column":7}},"17":{"start":{"line":23,"column":8},"end":{"line":23,"column":74}},"18":{"start":{"line":24,"column":8},"end":{"line":24,"column":15}},"19":{"start":{"line":26,"column":6},"end":{"line":26,"column":35}},"20":{"start":{"line":28,"column":6},"end":{"line":31,"column":7}},"21":{"start":{"line":29,"column":8},"end":{"line":29,"column":15}},"22":{"start":{"line":30,"column":8},"end":{"line":30,"column":15}},"23":{"start":{"line":32,"column":6},"end":{"line":32,"column":56}},"24":{"start":{"line":33,"column":6},"end":{"line":33,"column":13}},"25":{"start":{"line":35,"column":4},"end":{"line":35,"column":11}},"26":{"start":{"line":39,"column":0},"end":{"line":39,"column":28}}},"fnMap":{"0":{"name":"authenticate","decl":{"start":{"line":6,"column":16},"end":{"line":6,"column":28}},"loc":{"start":{"line":6,"column":58},"end":{"line":37,"column":1}}},"1":{"name":"(anonymous_8)","decl":{"start":{"line":7,"column":9},"end":{"line":7,"column":16}},"loc":{"start":{"line":7,"column":82},"end":{"line":36,"column":4}}},"2":{"name":"(anonymous_9)","decl":{"start":{"line":7,"column":82},"end":{"line":7,"column":null}},"loc":{"start":{"line":7,"column":82},"end":{"line":36,"column":3}}}},"branchMap":{"0":{"loc":{"start":{"line":6,"column":29},"end":{"line":6,"column":58}},"type":"default-arg","locations":[{"start":{"line":6,"column":39},"end":{"line":6,"column":58}}]},"1":{"loc":{"start":{"line":9,"column":4},"end":{"line":16,"column":5}},"type":"if","locations":[{"start":{"line":9,"column":4},"end":{"line":16,"column":5}}]},"2":{"loc":{"start":{"line":10,"column":6},"end":{"line":13,"column":7}},"type":"if","locations":[{"start":{"line":10,"column":6},"end":{"line":13,"column":7}}]},"3":{"loc":{"start":{"line":22,"column":6},"end":{"line":25,"column":7}},"type":"if","locations":[{"start":{"line":22,"column":6},"end":{"line":25,"column":7}}]},"4":{"loc":{"start":{"line":22,"column":10},"end":{"line":22,"column":36}},"type":"binary-expr","locations":[{"start":{"line":22,"column":10},"end":{"line":22,"column":15}},{"start":{"line":22,"column":19},"end":{"line":22,"column":36}}]},"5":{"loc":{"start":{"line":26,"column":17},"end":{"line":26,"column":34}},"type":"cond-expr","locations":[{"start":{"line":26,"column":17},"end":{"line":26,"column":21}},{"start":{"line":26,"column":25},"end":{"line":26,"column":34}}]},"6":{"loc":{"start":{"line":26,"column":17},"end":{"line":26,"column":25}},"type":"binary-expr","locations":[{"start":{"line":26,"column":17},"end":{"line":26,"column":25}},{"start":{"line":26,"column":17},"end":{"line":26,"column":25}}]},"7":{"loc":{"start":{"line":28,"column":6},"end":{"line":31,"column":7}},"type":"if","locations":[{"start":{"line":28,"column":6},"end":{"line":31,"column":7}}]}},"s":{"0":3,"1":3,"2":3,"3":3,"4":66,"5":53,"6":53,"7":53,"8":17,"9":17,"10":17,"11":0,"12":0,"13":36,"14":36,"15":36,"16":36,"17":0,"18":0,"19":36,"20":0,"21":0,"22":0,"23":0,"24":0,"25":36,"26":3},"f":{"0":66,"1":53,"2":53},"b":{"0":[51],"1":[17],"2":[17],"3":[0],"4":[36,0],"5":[36,0],"6":[36,36],"7":[0]}}
,"C:\\study\\1-sprint-mission\\5-sprint-mission\\src\\repository\\articleRepository.ts": {"path":"C:\\study\\1-sprint-mission\\5-sprint-mission\\src\\repository\\articleRepository.ts","statementMap":{"0":{"start":{"line":8,"column":0},"end":{"line":8,"column":22}},"1":{"start":{"line":18,"column":0},"end":{"line":18,"column":22}},"2":{"start":{"line":22,"column":0},"end":{"line":22,"column":22}},"3":{"start":{"line":28,"column":0},"end":{"line":28,"column":22}},"4":{"start":{"line":47,"column":0},"end":{"line":47,"column":22}},"5":{"start":{"line":52,"column":0},"end":{"line":52,"column":22}},"6":{"start":{"line":56,"column":0},"end":{"line":56,"column":22}},"7":{"start":{"line":1,"column":0},"end":{"line":1,"column":35}},"8":{"start":{"line":9,"column":30},"end":{"line":9,"column":34}},"9":{"start":{"line":9,"column":25},"end":{"line":9,"column":30}},"10":{"start":{"line":10,"column":2},"end":{"line":15,"column":5}},"11":{"start":{"line":19,"column":2},"end":{"line":19,"column":54}},"12":{"start":{"line":23,"column":2},"end":{"line":25,"column":5}},"13":{"start":{"line":34,"column":2},"end":{"line":44,"column":5}},"14":{"start":{"line":48,"column":26},"end":{"line":48,"column":36}},"15":{"start":{"line":48,"column":21},"end":{"line":48,"column":26}},"16":{"start":{"line":49,"column":2},"end":{"line":49,"column":62}},"17":{"start":{"line":53,"column":2},"end":{"line":53,"column":56}},"18":{"start":{"line":57,"column":18},"end":{"line":60,"column":4}},"19":{"start":{"line":62,"column":2},"end":{"line":62,"column":33}}},"fnMap":{"0":{"name":"savedata","decl":{"start":{"line":8,"column":22},"end":{"line":8,"column":30}},"loc":{"start":{"line":8,"column":54},"end":{"line":16,"column":null}}},"1":{"name":"findById","decl":{"start":{"line":18,"column":22},"end":{"line":18,"column":30}},"loc":{"start":{"line":18,"column":41},"end":{"line":20,"column":null}}},"2":{"name":"countArticle","decl":{"start":{"line":22,"column":22},"end":{"line":22,"column":34}},"loc":{"start":{"line":22,"column":51},"end":{"line":26,"column":null}}},"3":{"name":"findArticle","decl":{"start":{"line":28,"column":22},"end":{"line":28,"column":33}},"loc":{"start":{"line":32,"column":18},"end":{"line":45,"column":null}}},"4":{"name":"updatedata","decl":{"start":{"line":47,"column":22},"end":{"line":47,"column":32}},"loc":{"start":{"line":47,"column":62},"end":{"line":50,"column":null}}},"5":{"name":"deleteByIdData","decl":{"start":{"line":52,"column":22},"end":{"line":52,"column":36}},"loc":{"start":{"line":52,"column":47},"end":{"line":54,"column":null}}},"6":{"name":"findArticleAuthorId","decl":{"start":{"line":56,"column":22},"end":{"line":56,"column":41}},"loc":{"start":{"line":56,"column":52},"end":{"line":63,"column":null}}}},"branchMap":{"0":{"loc":{"start":{"line":24,"column":11},"end":{"line":24,"column":65}},"type":"cond-expr","locations":[{"start":{"line":24,"column":21},"end":{"line":24,"column":53}},{"start":{"line":24,"column":56},"end":{"line":24,"column":65}}]},"1":{"loc":{"start":{"line":37,"column":13},"end":{"line":37,"column":73}},"type":"cond-expr","locations":[{"start":{"line":37,"column":36},"end":{"line":37,"column":57}},{"start":{"line":37,"column":60},"end":{"line":37,"column":73}}]},"2":{"loc":{"start":{"line":38,"column":11},"end":{"line":38,"column":65}},"type":"cond-expr","locations":[{"start":{"line":38,"column":21},"end":{"line":38,"column":53}},{"start":{"line":38,"column":56},"end":{"line":38,"column":65}}]},"3":{"loc":{"start":{"line":62,"column":9},"end":{"line":62,"column":32}},"type":"cond-expr","locations":[{"start":{"line":62,"column":24},"end":{"line":62,"column":28}},{"start":{"line":62,"column":28},"end":{"line":62,"column":32}}]},"4":{"loc":{"start":{"line":62,"column":9},"end":{"line":62,"column":28}},"type":"binary-expr","locations":[{"start":{"line":62,"column":9},"end":{"line":62,"column":28}},{"start":{"line":62,"column":24},"end":{"line":62,"column":28}}]},"5":{"loc":{"start":{"line":62,"column":9},"end":{"line":62,"column":24}},"type":"cond-expr","locations":[{"start":{"line":62,"column":16},"end":{"line":62,"column":18}},{"start":{"line":62,"column":9},"end":{"line":62,"column":24}}]},"6":{"loc":{"start":{"line":62,"column":9},"end":{"line":62,"column":18}},"type":"binary-expr","locations":[{"start":{"line":62,"column":9},"end":{"line":62,"column":18}},{"start":{"line":62,"column":9},"end":{"line":62,"column":18}}]}},"s":{"0":4,"1":4,"2":4,"3":4,"4":4,"5":4,"6":4,"7":4,"8":2,"9":2,"10":2,"11":6,"12":5,"13":5,"14":2,"15":2,"16":2,"17":1,"18":1,"19":1},"f":{"0":2,"1":6,"2":5,"3":5,"4":2,"5":1,"6":1},"b":{"0":[1,4],"1":[5,0],"2":[1,4],"3":[1,0],"4":[1,1],"5":[0,1],"6":[1,1]}}
,"C:\\study\\1-sprint-mission\\5-sprint-mission\\src\\repository\\commentsRepository.ts": {"path":"C:\\study\\1-sprint-mission\\5-sprint-mission\\src\\repository\\commentsRepository.ts","statementMap":{"0":{"start":{"line":10,"column":0},"end":{"line":10,"column":22}},"1":{"start":{"line":24,"column":0},"end":{"line":24,"column":22}},"2":{"start":{"line":37,"column":0},"end":{"line":37,"column":22}},"3":{"start":{"line":41,"column":0},"end":{"line":41,"column":22}},"4":{"start":{"line":49,"column":0},"end":{"line":49,"column":22}},"5":{"start":{"line":55,"column":0},"end":{"line":55,"column":22}},"6":{"start":{"line":66,"column":0},"end":{"line":66,"column":22}},"7":{"start":{"line":1,"column":0},"end":{"line":1,"column":35}},"8":{"start":{"line":15,"column":2},"end":{"line":21,"column":5}},"9":{"start":{"line":29,"column":2},"end":{"line":34,"column":5}},"10":{"start":{"line":38,"column":2},"end":{"line":38,"column":54}},"11":{"start":{"line":42,"column":26},"end":{"line":42,"column":37}},"12":{"start":{"line":43,"column":2},"end":{"line":46,"column":5}},"13":{"start":{"line":50,"column":2},"end":{"line":52,"column":5}},"14":{"start":{"line":56,"column":41},"end":{"line":56,"column":48}},"15":{"start":{"line":57,"column":2},"end":{"line":63,"column":5}},"16":{"start":{"line":67,"column":41},"end":{"line":67,"column":52}},"17":{"start":{"line":68,"column":2},"end":{"line":74,"column":5}}},"fnMap":{"0":{"name":"findCommentsByArticles","decl":{"start":{"line":10,"column":22},"end":{"line":10,"column":44}},"loc":{"start":{"line":13,"column":15},"end":{"line":22,"column":null}}},"1":{"name":"findCommentsByProductData","decl":{"start":{"line":24,"column":22},"end":{"line":24,"column":47}},"loc":{"start":{"line":27,"column":15},"end":{"line":35,"column":null}}},"2":{"name":"findById","decl":{"start":{"line":37,"column":22},"end":{"line":37,"column":30}},"loc":{"start":{"line":37,"column":41},"end":{"line":39,"column":null}}},"3":{"name":"updatedata","decl":{"start":{"line":41,"column":22},"end":{"line":41,"column":32}},"loc":{"start":{"line":41,"column":63},"end":{"line":47,"column":null}}},"4":{"name":"deleteId","decl":{"start":{"line":49,"column":22},"end":{"line":49,"column":30}},"loc":{"start":{"line":49,"column":41},"end":{"line":53,"column":null}}},"5":{"name":"commentArticle","decl":{"start":{"line":55,"column":22},"end":{"line":55,"column":36}},"loc":{"start":{"line":55,"column":70},"end":{"line":64,"column":null}}},"6":{"name":"commentProductData","decl":{"start":{"line":66,"column":22},"end":{"line":66,"column":40}},"loc":{"start":{"line":66,"column":78},"end":{"line":75,"column":null}}}},"branchMap":{"0":{"loc":{"start":{"line":17,"column":12},"end":{"line":17,"column":47}},"type":"cond-expr","locations":[{"start":{"line":17,"column":21},"end":{"line":17,"column":35}},{"start":{"line":17,"column":38},"end":{"line":17,"column":47}}]},"1":{"loc":{"start":{"line":18,"column":10},"end":{"line":18,"column":24}},"type":"cond-expr","locations":[{"start":{"line":18,"column":19},"end":{"line":18,"column":20}},{"start":{"line":18,"column":23},"end":{"line":18,"column":24}}]},"2":{"loc":{"start":{"line":30,"column":12},"end":{"line":30,"column":47}},"type":"cond-expr","locations":[{"start":{"line":30,"column":21},"end":{"line":30,"column":35}},{"start":{"line":30,"column":38},"end":{"line":30,"column":47}}]}},"s":{"0":5,"1":5,"2":5,"3":5,"4":5,"5":5,"6":5,"7":5,"8":2,"9":1,"10":0,"11":0,"12":0,"13":0,"14":1,"15":1,"16":1,"17":1},"f":{"0":2,"1":1,"2":0,"3":0,"4":0,"5":1,"6":1},"b":{"0":[1,1],"1":[1,1],"2":[0,1]}}
,"C:\\study\\1-sprint-mission\\5-sprint-mission\\src\\repository\\likeRepository.ts": {"path":"C:\\study\\1-sprint-mission\\5-sprint-mission\\src\\repository\\likeRepository.ts","statementMap":{"0":{"start":{"line":5,"column":0},"end":{"line":5,"column":22}},"1":{"start":{"line":15,"column":0},"end":{"line":15,"column":22}},"2":{"start":{"line":25,"column":0},"end":{"line":25,"column":22}},"3":{"start":{"line":33,"column":0},"end":{"line":33,"column":22}},"4":{"start":{"line":43,"column":0},"end":{"line":43,"column":22}},"5":{"start":{"line":53,"column":0},"end":{"line":53,"column":22}},"6":{"start":{"line":61,"column":0},"end":{"line":61,"column":22}},"7":{"start":{"line":78,"column":0},"end":{"line":78,"column":22}},"8":{"start":{"line":1,"column":0},"end":{"line":1,"column":35}},"9":{"start":{"line":6,"column":2},"end":{"line":12,"column":5}},"10":{"start":{"line":16,"column":2},"end":{"line":22,"column":5}},"11":{"start":{"line":26,"column":2},"end":{"line":30,"column":5}},"12":{"start":{"line":34,"column":2},"end":{"line":40,"column":5}},"13":{"start":{"line":44,"column":2},"end":{"line":50,"column":5}},"14":{"start":{"line":54,"column":2},"end":{"line":58,"column":5}},"15":{"start":{"line":66,"column":2},"end":{"line":75,"column":5}},"16":{"start":{"line":79,"column":2},"end":{"line":82,"column":5}}},"fnMap":{"0":{"name":"productLike","decl":{"start":{"line":5,"column":22},"end":{"line":5,"column":33}},"loc":{"start":{"line":5,"column":64},"end":{"line":13,"column":null}}},"1":{"name":"productLikeCancel","decl":{"start":{"line":15,"column":22},"end":{"line":15,"column":39}},"loc":{"start":{"line":15,"column":70},"end":{"line":23,"column":null}}},"2":{"name":"prouductLikeCreate","decl":{"start":{"line":25,"column":22},"end":{"line":25,"column":40}},"loc":{"start":{"line":25,"column":71},"end":{"line":31,"column":null}}},"3":{"name":"articleLike","decl":{"start":{"line":33,"column":22},"end":{"line":33,"column":33}},"loc":{"start":{"line":33,"column":59},"end":{"line":41,"column":null}}},"4":{"name":"articleLikeCancel","decl":{"start":{"line":43,"column":22},"end":{"line":43,"column":39}},"loc":{"start":{"line":43,"column":65},"end":{"line":51,"column":null}}},"5":{"name":"articleLikeCreate","decl":{"start":{"line":53,"column":22},"end":{"line":53,"column":39}},"loc":{"start":{"line":53,"column":65},"end":{"line":59,"column":null}}},"6":{"name":"findLikedProducts","decl":{"start":{"line":61,"column":22},"end":{"line":61,"column":39}},"loc":{"start":{"line":64,"column":18},"end":{"line":76,"column":null}}},"7":{"name":"porductLikedFindPerson","decl":{"start":{"line":78,"column":22},"end":{"line":78,"column":44}},"loc":{"start":{"line":78,"column":62},"end":{"line":83,"column":null}}}},"branchMap":{},"s":{"0":5,"1":5,"2":5,"3":5,"4":5,"5":5,"6":5,"7":5,"8":5,"9":2,"10":1,"11":1,"12":2,"13":1,"14":1,"15":3,"16":1},"f":{"0":2,"1":1,"2":1,"3":2,"4":1,"5":1,"6":3,"7":1},"b":{}}
,"C:\\study\\1-sprint-mission\\5-sprint-mission\\src\\repository\\notificationRepository.ts": {"path":"C:\\study\\1-sprint-mission\\5-sprint-mission\\src\\repository\\notificationRepository.ts","statementMap":{"0":{"start":{"line":1,"column":0},"end":{"line":1,"column":35}},"1":{"start":{"line":4,"column":26},"end":{"line":9,"column":2}},"2":{"start":{"line":4,"column":86},"end":{"line":9,"column":2}},"3":{"start":{"line":5,"column":2},"end":{"line":8,"column":5}},"4":{"start":{"line":4,"column":13},"end":{"line":4,"column":26}},"5":{"start":{"line":11,"column":22},"end":{"line":19,"column":2}},"6":{"start":{"line":15,"column":56},"end":{"line":19,"column":2}},"7":{"start":{"line":16,"column":2},"end":{"line":18,"column":5}},"8":{"start":{"line":11,"column":13},"end":{"line":11,"column":22}},"9":{"start":{"line":21,"column":33},"end":{"line":31,"column":2}},"10":{"start":{"line":24,"column":33},"end":{"line":31,"column":2}},"11":{"start":{"line":25,"column":2},"end":{"line":30,"column":5}},"12":{"start":{"line":21,"column":13},"end":{"line":21,"column":33}},"13":{"start":{"line":33,"column":22},"end":{"line":41,"column":2}},"14":{"start":{"line":33,"column":94},"end":{"line":41,"column":2}},"15":{"start":{"line":34,"column":2},"end":{"line":40,"column":5}},"16":{"start":{"line":33,"column":13},"end":{"line":33,"column":22}}},"fnMap":{"0":{"name":"(anonymous_8)","decl":{"start":{"line":4,"column":26},"end":{"line":4,"column":33}},"loc":{"start":{"line":4,"column":86},"end":{"line":9,"column":2}}},"1":{"name":"(anonymous_9)","decl":{"start":{"line":4,"column":86},"end":{"line":4,"column":null}},"loc":{"start":{"line":4,"column":86},"end":{"line":9,"column":1}}},"2":{"name":"(anonymous_10)","decl":{"start":{"line":11,"column":22},"end":{"line":11,"column":29}},"loc":{"start":{"line":15,"column":56},"end":{"line":19,"column":2}}},"3":{"name":"(anonymous_11)","decl":{"start":{"line":15,"column":56},"end":{"line":15,"column":null}},"loc":{"start":{"line":15,"column":25},"end":{"line":19,"column":1}}},"4":{"name":"(anonymous_12)","decl":{"start":{"line":21,"column":33},"end":{"line":21,"column":null}},"loc":{"start":{"line":24,"column":33},"end":{"line":31,"column":2}}},"5":{"name":"(anonymous_13)","decl":{"start":{"line":24,"column":33},"end":{"line":24,"column":null}},"loc":{"start":{"line":24,"column":33},"en
[...]
lumn":0},"end":{"line":2,"column":59}},"14":{"start":{"line":3,"column":0},"end":{"line":3,"column":62}},"15":{"start":{"line":4,"column":0},"end":{"line":4,"column":87}},"16":{"start":{"line":5,"column":0},"end":{"line":5,"column":28}},"17":{"start":{"line":6,"column":0},"end":{"line":6,"column":31}},"18":{"start":{"line":16,"column":2},"end":{"line":16,"column":35}},"19":{"start":{"line":20,"column":18},"end":{"line":20,"column":37}},"20":{"start":{"line":22,"column":4},"end":{"line":22,"column":99}},"21":{"start":{"line":24,"column":35},"end":{"line":26,"column":4}},"22":{"start":{"line":28,"column":2},"end":{"line":30,"column":3}},"23":{"start":{"line":29,"column":4},"end":{"line":29,"column":45}},"24":{"start":{"line":32,"column":16},"end":{"line":32,"column":50}},"25":{"start":{"line":34,"column":2},"end":{"line":34,"column":15}},"26":{"start":{"line":38,"column":23},"end":{"line":38,"column":45}},"27":{"start":{"line":39,"column":2},"end":{"line":39,"column":31}},"28":{"start":{"line":43,"column":23},"end":{"line":43,"column":45}},"29":{"start":{"line":44,"column":2},"end":{"line":44,"column":22}},"30":{"start":{"line":48,"column":23},"end":{"line":48,"column":31}},"31":{"start":{"line":49,"column":25},"end":{"line":49,"column":56}},"32":{"start":{"line":51,"column":22},"end":{"line":53,"column":null}},"33":{"start":{"line":55,"column":15},"end":{"line":55,"column":45}},"34":{"start":{"line":56,"column":2},"end":{"line":56,"column":39}},"35":{"start":{"line":60,"column":15},"end":{"line":60,"column":37}},"36":{"start":{"line":61,"column":2},"end":{"line":63,"column":3}},"37":{"start":{"line":62,"column":4},"end":{"line":62,"column":48}},"38":{"start":{"line":65,"column":2},"end":{"line":65,"column":48}},"39":{"start":{"line":67,"column":2},"end":{"line":67,"column":14}},"40":{"start":{"line":71,"column":18},"end":{"line":71,"column":68}},"41":{"start":{"line":72,"column":2},"end":{"line":74,"column":3}},"42":{"start":{"line":73,"column":4},"end":{"line":73,"column":55}},"43":{"start":{"line":76,"column":2},"end":{"line":76,"column":17}},"44":{"start":{"line":80,"column":15},"end":{"line":80,"column":31}},"45":{"start":{"line":81,"column":2},"end":{"line":83,"column":3}},"46":{"start":{"line":82,"column":4},"end":{"line":82,"column":40}},"47":{"start":{"line":84,"column":2},"end":{"line":84,"column":39}},"48":{"start":{"line":88,"column":58},"end":{"line":88,"column":67}},"49":{"start":{"line":90,"column":39},"end":{"line":90,"column":45}},"50":{"start":{"line":91,"column":2},"end":{"line":91,"column":54}},"51":{"start":{"line":91,"column":27},"end":{"line":91,"column":54}},"52":{"start":{"line":92,"column":2},"end":{"line":92,"column":63}},"53":{"start":{"line":92,"column":30},"end":{"line":92,"column":63}},"54":{"start":{"line":93,"column":2},"end":{"line":93,"column":86}},"55":{"start":{"line":93,"column":30},"end":{"line":93,"column":86}},"56":{"start":{"line":94,"column":2},"end":{"line":94,"column":75}},"57":{"start":{"line":94,"column":34},"end":{"line":94,"column":75}},"58":{"start":{"line":96,"column":15},"end":{"line":96,"column":45}},"59":{"start":{"line":98,"column":2},"end":{"line":98,"column":39}},"60":{"start":{"line":102,"column":2},"end":{"line":112,"column":null}},"61":{"start":{"line":105,"column":2},"end":{"line":105,"column":29}},"62":{"start":{"line":106,"column":2},"end":{"line":106,"column":42}},"63":{"start":{"line":107,"column":2},"end":{"line":111,"column":5}},"64":{"start":{"line":115,"column":15},"end":{"line":115,"column":31}},"65":{"start":{"line":116,"column":2},"end":{"line":118,"column":3}},"66":{"start":{"line":117,"column":4},"end":{"line":117,"column":48}},"67":{"start":{"line":119,"column":22},"end":{"line":119,"column":39}},"68":{"start":{"line":120,"column":26},"end":{"line":120,"column":54}},"69":{"start":{"line":121,"column":2},"end":{"line":121,"column":42}},"70":{"start":{"line":125,"column":46},"end":{"line":125,"column":50}},"71":{"start":{"line":125,"column":41},"end":{"line":125,"column":46}},"72":{"start":{"line":126,"column":2},"end":{"line":126,"column":14}}},"fnMap":{"0":{"name":"hashingPassword","decl":{"start":{"line":15,"column":16},"end":{"line":15,"column":31}},"loc":{"start":{"line":15,"column":48},"end":{"line":17,"column":1}}},"1":{"name":"createToken","decl":{"start":{"line":19,"column":16},"end":{"line":19,"column":27}},"loc":{"start":{"line":19,"column":67},"end":{"line":35,"column":1}}},"2":{"name":"isExistEmail","decl":{"start":{"line":37,"column":22},"end":{"line":37,"column":34}},"loc":{"start":{"line":37,"column":48},"end":{"line":40,"column":null}}},"3":{"name":"findEmailForLogin","decl":{"start":{"line":42,"column":22},"end":{"line":42,"column":39}},"loc":{"start":{"line":42,"column":53},"end":{"line":45,"column":null}}},"4":{"name":"save","decl":{"start":{"line":47,"column":22},"end":{"line":47,"column":26}},"loc":{"start":{"line":47,"column":51},"end":{"line":57,"column":null}}},"5":{"name":"getUser","decl":{"start":{"line":59,"column":22},"end":{"line":59,"column":29}},"loc":{"start":{"line":59,"column":61},"end":{"line":68,"column":null}}},"6":{"name":"verifyPassword","decl":{"start":{"line":70,"column":22},"end":{"line":70,"column":36}},"loc":{"start":{"line":70,"column":81},"end":{"line":77,"column":null}}},"7":{"name":"getUserById","decl":{"start":{"line":79,"column":22},"end":{"line":79,"column":33}},"loc":{"start":{"line":79,"column":44},"end":{"line":85,"column":null}}},"8":{"name":"update","decl":{"start":{"line":87,"column":22},"end":{"line":87,"column":28}},"loc":{"start":{"line":87,"column":54},"end":{"line":99,"column":null}}},"9":{"name":"getProductList","decl":{"start":{"line":101,"column":22},"end":{"line":101,"column":36}},"loc":{"start":{"line":101,"column":36},"end":{"line":112,"column":null}}},"10":{"name":"(anonymous_26)","decl":{"start":{"line":102,"column":2},"end":{"line":102,"column":12}},"loc":{"start":{"line":103,"column":56},"end":{"line":112,"column":1}}},"11":{"name":"refreshToken","decl":{"start":{"line":114,"column":22},"end":{"line":114,"column":34}},"loc":{"start":{"line":114,"column":67},"end":{"line":122,"column":null}}},"12":{"name":"filterSensitiveUserData","decl":{"start":{"line":124,"column":16},"end":{"line":124,"column":39}},"loc":{"start":{"line":124,"column":50},"end":{"line":127,"column":1}}}},"branchMap":{"0":{"loc":{"start":{"line":22,"column":4},"end":{"line":22,"column":99}},"type":"cond-expr","locations":[{"start":{"line":22,"column":25},"end":{"line":22,"column":61}},{"start":{"line":22,"column":64},"end":{"line":22,"column":99}}]},"1":{"loc":{"start":{"line":25,"column":15},"end":{"line":25,"column":47}},"type":"cond-expr","locations":[{"start":{"line":25,"column":36},"end":{"line":25,"column":40}},{"start":{"line":25,"column":43},"end":{"line":25,"column":47}}]},"2":{"loc":{"start":{"line":28,"column":2},"end":{"line":30,"column":3}},"type":"if","locations":[{"start":{"line":28,"column":2},"end":{"line":30,"column":3}}]},"3":{"loc":{"start":{"line":61,"column":2},"end":{"line":63,"column":3}},"type":"if","locations":[{"start":{"line":61,"column":2},"end":{"line":63,"column":3}}]},"4":{"loc":{"start":{"line":72,"column":2},"end":{"line":74,"column":3}},"type":"if","locations":[{"start":{"line":72,"column":2},"end":{"line":74,"column":3}}]},"5":{"loc":{"start":{"line":81,"column":2},"end":{"line":83,"column":3}},"type":"if","locations":[{"start":{"line":81,"column":2},"end":{"line":83,"column":3}}]},"6":{"loc":{"start":{"line":91,"column":2},"end":{"line":91,"column":54}},"type":"if","locations":[{"start":{"line":91,"column":2},"end":{"line":91,"column":54}}]},"7":{"loc":{"start":{"line":92,"column":2},"end":{"line":92,"column":63}},"type":"if","locations":[{"start":{"line":92,"column":2},"end":{"line":92,"column":63}}]},"8":{"loc":{"start":{"line":93,"column":2},"end":{"line":93,"column":86}},"type":"if","locations":[{"start":{"line":93,"column":2},"end":{"line":93,"column":86}}]},"9":{"loc":{"start":{"line":94,"column":2},"end":{"line":94,"column":75}},"type":"if","locations":[{"start":{"line":94,"column":2},"end":{"line":94,"column":75}}]},"10":{"loc":{"start":{"line":103,"column":20},"end":{"line":103,"column":38}},"type":"default-arg","locations":[{"start":{"line":103,"column":30},"end":{"line":103,"column":38}}]},"11":{"loc":{"start":{"line":105,"column":9},"end":{"line":105,"column":28}},"type":"cond-expr","locations":[{"start":{"line":105,"column":20},"end":{"line":105,"column":24}},{"start":{"line":105,"column":27},"end":{"line":105,"column":28}}]},"12":{"loc":{"start":{"line":106,"column":13},"end":{"line":106,"column":41}},"type":"cond-expr","locations":[{"start":{"line":106,"column":28},"end":{"line":106,"column":36}},{"start":{"line":106,"column":39},"end":{"line":106,"column":41}}]},"13":{"loc":{"start":{"line":116,"column":2},"end":{"line":118,"column":3}},"type":"if","locations":[{"start":{"line":116,"column":2},"end":{"line":118,"column":3}}]},"14":{"loc":{"start":{"line":116,"column":6},"end":{"line":116,"column":49}},"type":"binary-expr","locations":[{"start":{"line":116,"column":6},"end":{"line":116,"column":11}},{"start":{"line":116,"column":15},"end":{"line":116,"column":49}}]}},"s":{"0":3,"1":3,"2":3,"3":3,"4":3,"5":3,"6":3,"7":3,"8":3,"9":3,"10":3,"11":3,"12":3,"13":3,"14":3,"15":3,"16":3,"17":3,"18":2,"19":16,"20":16,"21":16,"22":16,"23":0,"24":16,"25":16,"26":2,"27":2,"28":9,"29":9,"30":1,"31":1,"32":1,"33":1,"34":1,"35":0,"36":0,"37":0,"38":0,"39":0,"40":8,"41":8,"42":1,"43":7,"44":4,"45":4,"46":1,"47":3,"48":10,"49":10,"50":10,"51":1,"52":10,"53":2,"54":10,"55":1,"56":10,"57":8,"58":10,"59":10,"60":5,"61":5,"62":5,"63":5,"64":1,"65":1,"66":0,"67":1,"68":1,"69":1,"70":14,"71":14,"72":14},"f":{"0":2,"1":16,"2":2,"3":9,"4":1,"5":0,"6":8,"7":4,"8":10,"9":5,"10":5,"11":1,"12":14},"b":{"0":[8,8],"1":[8,8],"2":[0],"3":[0],"4":[1],"5":[1],"6":[1],"7":[2],"8":[1],"9":[8],"10":[0],"11":[5,0],"12":[5,0],"13":[0],"14":[1,1]}}
,"C:\\study\\1-sprint-mission\\5-sprint-mission\\src\\socket\\notificationGateway.ts": {"path":"C:\\study\\1-sprint-mission\\5-sprint-mission\\src\\socket\\notificationGateway.ts","statementMap":{"0":{"start":{"line":3,"column":0},"end":{"line":3,"column":16}},"1":{"start":{"line":4,"column":17},"end":{"line":4,"column":32}},"2":{"start":{"line":5,"column":2},"end":{"line":5,"column":39}},"3":{"start":{"line":6,"column":2},"end":{"line":9,"column":3}},"4":{"start":{"line":7,"column":4},"end":{"line":7,"column":42}},"5":{"start":{"line":8,"column":4},"end":{"line":8,"column":11}},"6":{"start":{"line":11,"column":2},"end":{"line":11,"column":32}},"7":{"start":{"line":12,"column":2},"end":{"line":12,"column":51}}},"fnMap":{"0":{"name":"notificationGateway","decl":{"start":{"line":3,"column":16},"end":{"line":3,"column":35}},"loc":{"start":{"line":3,"column":50},"end":{"line":13,"column":1}}}},"branchMap":{"0":{"loc":{"start":{"line":4,"column":17},"end":{"line":4,"column":32}},"type":"cond-expr","locations":[{"start":{"line":4,"column":28},"end":{"line":4,"column":30}},{"start":{"line":4,"column":28},"end":{"line":4,"column":32}}]},"1":{"loc":{"start":{"line":4,"column":17},"end":{"line":4,"column":30}},"type":"binary-expr","locations":[{"start":{"line":4,"column":17},"end":{"line":4,"column":30}},{"start":{"line":4,"column":28},"end":{"line":4,"column":30}}]},"2":{"loc":{"start":{"line":6,"column":2},"end":{"line":9,"column":3}},"type":"if","locations":[{"start":{"line":6,"column":2},"end":{"line":9,"column":3}}]}},"s":{"0":3,"1":0,"2":0,"3":0,"4":0,"5":0,"6":0,"7":0},"f":{"0":0},"b":{"0":[0,0],"1":[0,0],"2":[0]}}
,"C:\\study\\1-sprint-mission\\5-sprint-mission\\src\\socket\\socket.ts": {"path":"C:\\study\\1-sprint-mission\\5-sprint-mission\\src\\socket\\socket.ts","statementMap":{"0":{"start":{"line":7,"column":0},"end":{"line":7,"column":16}},"1":{"start":{"line":1,"column":0},"end":{"line":1,"column":35}},"2":{"start":{"line":3,"column":0},"end":{"line":3,"column":31}},"3":{"start":{"line":4,"column":0},"end":{"line":4,"column":60}},"4":{"start":{"line":5,"column":0},"end":{"line":5,"column":67}},"5":{"start":{"line":8,"column":13},"end":{"line":13,"column":4}},"6":{"start":{"line":15,"column":2},"end":{"line":15,"column":23}},"7":{"start":{"line":17,"column":2},"end":{"line":34,"column":5}},"8":{"start":{"line":18,"column":18},"end":{"line":18,"column":52}},"9":{"start":{"line":19,"column":4},"end":{"line":22,"column":5}},"10":{"start":{"line":20,"column":6},"end":{"line":20,"column":41}},"11":{"start":{"line":21,"column":6},"end":{"line":21,"column":38}},"12":{"start":{"line":24,"column":4},"end":{"line":33,"column":5}},"13":{"start":{"line":25,"column":22},"end":{"line":25,"column":99}},"14":{"start":{"line":26,"column":6},"end":{"line":26,"column":43}},"15":{"start":{"line":27,"column":6},"end":{"line":27,"column":67}},"16":{"start":{"line":28,"column":6},"end":{"line":28,"column":13}},"17":{"start":{"line":30,"column":20},"end":{"line":30,"column":32}},"18":{"start":{"line":31,"column":6},"end":{"line":31,"column":62}},"19":{"start":{"line":32,"column":6},"end":{"line":32,"column":34}},"20":{"start":{"line":36,"column":2},"end":{"line":38,"column":5}},"21":{"start":{"line":37,"column":4},"end":{"line":37,"column":32}},"22":{"start":{"line":40,"column":2},"end":{"line":40,"column":12}}},"fnMap":{"0":{"name":"setupSocketIO","decl":{"start":{"line":7,"column":16},"end":{"line":7,"column":29}},"loc":{"start":{"line":7,"column":49},"end":{"line":41,"column":1}}},"1":{"name":"(anonymous_2)","decl":{"start":{"line":17,"column":9},"end":{"line":17,"column":10}},"loc":{"start":{"line":17,"column":26},"end":{"line":34,"column":3}}},"2":{"name":"(anonymous_3)","decl":{"start":{"line":36,"column":22},"end":{"line":36,"column":23}},"loc":{"start":{"line":36,"column":33},"end":{"line":38,"column":3}}}},"branchMap":{"0":{"loc":{"start":{"line":18,"column":18},"end":{"line":18,"column":52}},"type":"cond-expr","locations":[{"start":{"line":18,"column":39},"end":{"line":18,"column":41}},{"start":{"line":18,"column":39},"end":{"line":18,"column":52}}]},"1":{"loc":{"start":{"line":18,"column":18},"end":{"line":18,"column":41}},"type":"binary-expr","locations":[{"start":{"line":18,"column":18},"end":{"line":18,"column":41}},{"start":{"line":18,"column":39},"end":{"line":18,"column":41}}]},"2":{"loc":{"start":{"line":19,"column":4},"end":{"line":22,"column":5}},"type":"if","locations":[{"start":{"line":19,"column":4},"end":{"line":22,"column":5}}]}},"s":{"0":3,"1":3,"2":3,"3":3,"4":3,"5":3,"6":3,"7":3,"8":0,"9":0,"10":0,"11":0,"12":0,"13":0,"14":0,"15":0,"16":0,"17":0,"18":0,"19":0,"20":3,"21":0,"22":3},"f":{"0":3,"1":0,"2":0},"b":{"0":[0,0],"1":[0,0],"2":[0]}}
,"C:\\study\\1-sprint-mission\\5-sprint-mission\\src\\structs\\articleStructs.ts": {"path":"C:\\study\\1-sprint-mission\\5-sprint-mission\\src\\structs\\articleStructs.ts","statementMap":{"0":{"start":{"line":1,"column":0},"end":{"line":1,"column":84}},"1":{"start":{"line":2,"column":0},"end":{"line":2,"column":50}},"2":{"start":{"line":4,"column":13},"end":{"line":4,"column":59}},"3":{"start":{"line":6,"column":13},"end":{"line":10,"column":3}},"4":{"start":{"line":12,"column":13},"end":{"line":12,"column":72}}},"fnMap":{},"branchMap":{},"s":{"0":3,"1":3,"2":3,"3":3,"4":3},"f":{},"b":{}}
,"C:\\study\\1-sprint-mission\\5-sprint-mission\\src\\structs\\commentsStruct.ts": {"path":"C:\\study\\1-sprint-mission\\5-sprint-mission\\src\\structs\\commentsStruct.ts","statementMap":{"0":{"start":{"line":1,"column":0},"end":{"line":1,"column":64}},"1":{"start":{"line":2,"column":0},"end":{"line":2,"column":52}},"2":{"start":{"line":4,"column":13},"end":{"line":6,"column":3}},"3":{"start":{"line":10,"column":13},"end":{"line":10,"column":61}},"4":{"start":{"line":14,"column":13},"end":{"line":14,"column":72}}},"fnMap":{},"branchMap":{},"s":{"0":3,"1":3,"2":3,"3":3,"4":3},"f":{},"b":{}}
,"C:\\study\\1-sprint-mission\\5-sprint-mission\\src\\structs\\commonStruct.ts": {"path":"C:\\study\\1-sprint-mission\\5-sprint-mission\\src\\structs\\commonStruct.ts","statementMap":{"0":{"start":{"line":1,"column":0},"end":{"line":1,"column":null}},"1":{"start":{"line":13,"column":22},"end":{"line":13,"column":85}},"2":{"start":{"line":13,"column":69},"end":{"line":13,"column":84}},"3":{"start":{"line":15,"column":13},"end":{"line":17,"column":3}},"4":{"start":{"line":21,"column":13},"end":{"line":27,"column":3}},"5":{"start":{"line":26,"column":61},"end":{"line":26,"column":77}},"6":{"start":{"line":31,"column":13},"end":{"line":36,"column":3}}},"fnMap":{"0":{"name":"(anonymous_0)","decl":{"start":{"line":13,"column":50},"end":{"line":13,"column":51}},"loc":{"start":{"line":13,"column":69},"end":{"line":13,"column":84}}},"1":{"name":"(anonymous_1)","decl":{"start":{"line":26,"column":50},"end":{"line":26,"column":51}},"loc":{"start":{"line":26,"column":61},"end":{"line":26,"column":77}}}},"branchMap":{},"s":{"0":3,"1":3,"2":39,"3":3,"4":3,"5":1,"6":3},"f":{"0":39,"1":1},"b":{}}
,"C:\\study\\1-sprint-mission\\5-sprint-mission\\src\\structs\\productsStruct.ts": {"path":"C:\\study\\1-sprint-mission\\5-sprint-mission\\src\\structs\\productsStruct.ts","statementMap":{"0":{"start":{"line":1,"column":0},"end":{"line":1,"column":null}},"1":{"start":{"line":11,"column":0},"end":{"line":11,"column":50}},"2":{"start":{"line":13,"column":13},"end":{"line":19,"column":3}},"3":{"start":{"line":14,"column":56},"end":{"line":14,"column":68}},"4":{"start":{"line":23,"column":13},"end":{"line":23,"column":59}},"5":{"start":{"line":27,"column":13},"end":{"line":27,"column":72}}},"fnMap":{"0":{"name":"(anonymous_0)","decl":{"start":{"line":14,"column":45},"end":{"line":14,"column":46}},"loc":{"start":{"line":14,"column":56},"end":{"line":14,"column":68}}}},"branchMap":{},"s":{"0":3,"1":3,"2":3,"3":5,"4":3,"5":3},"f":{"0":5},"b":{}}
,"C:\\study\\1-sprint-mission\\5-sprint-mission\\src\\structs\\userStructs.ts": {"path":"C:\\study\\1-sprint-mission\\5-sprint-mission\\src\\structs\\userStructs.ts","statementMap":{"0":{"start":{"line":1,"column":0},"end":{"line":1,"column":null}},"1":{"start":{"line":13,"column":0},"end":{"line":13,"column":50}},"2":{"start":{"line":15,"column":13},"end":{"line":20,"column":3}},"3":{"start":{"line":22,"column":13},"end":{"line":25,"column":3}},"4":{"start":{"line":29,"column":13},"end":{"line":38,"column":3}},"5":{"start":{"line":42,"column":13},"end":{"line":44,"column":3}},"6":{"start":{"line":48,"column":13},"end":{"line":48,"column":52}},"7":{"start":{"line":52,"column":13},"end":{"line":52,"column":58}},"8":{"start":{"line":56,"column":21},"end":{"line":60,"column":2}},"9":{"start":{"line":57,"column":2},"end":{"line":57,"column":34}},"10":{"start":{"line":57,"column":22},"end":{"line":57,"column":34}},"11":{"start":{"line":58,"column":2},"end":{"line":58,"column":36}},"12":{"start":{"line":58,"column":23},"end":{"line":58,"column":36}},"13":{"start":{"line":59,"column":2},"end":{"line":59,"column":19}},"14":{"start":{"line":62,"column":13},"end":{"line":64,"column":3}}},"fnMap":{"0":{"name":"(anonymous_0)","decl":{"start":{"line":56,"column":49},"end":{"line":56,"column":50}},"loc":{"start":{"line":56,"column":57},"end":{"line":60,"column":1}}}},"branchMap":{"0":{"loc":{"start":{"line":57,"column":2},"end":{"line":57,"column":34}},"type":"if","locations":[{"start":{"line":57,"column":2},"end":{"line":57,"column":34}}]},"1":{"loc":{"start":{"line":58,"column":2},"end":{"line":58,"column":36}},"type":"if","locations":[{"start":{"line":58,"column":2},"end":{"line":58,"column":36}}]}},"s":{"0":3,"1":3,"2":3,"3":3,"4":3,"5":3,"6":3,"7":3,"8":3,"9":1,"10":1,"11":0,"12":0,"13":0,"14":3},"f":{"0":1},"b":{"0":[1],"1":[0]}}
,"C:\\study\\1-sprint-mission\\5-sprint-mission\\src\\types\\expressExtensions.ts": {"path":"C:\\study\\1-sprint-mission\\5-sprint-mission\\src\\types\\expressExtensions.ts","statementMap":{"0":{"start":{"line":1,"column":0},"end":{"line":1,"column":17}}},"fnMap":{},"branchMap":{},"s":{"0":3},"f":{},"b":{}}
}
