TN:
SF:src\app.ts
FNF:0
FNH:0
DA:1,2
DA:2,2
DA:3,2
DA:4,2
DA:5,2
DA:6,2
DA:7,2
DA:8,2
DA:9,2
DA:10,2
DA:11,2
DA:12,2
DA:13,2
DA:14,2
DA:15,2
DA:17,2
DA:18,2
DA:19,2
DA:20,2
DA:21,2
DA:23,2
DA:24,2
DA:26,2
DA:27,2
DA:28,2
DA:29,2
DA:30,2
DA:31,2
DA:33,2
DA:34,2
DA:36,2
LF:31
LH:31
BRF:0
BRH:0
end_of_record
TN:
SF:src\controller\articleController.ts
FN:31,(anonymous_8)
FN:31,(anonymous_9)
FN:47,(anonymous_10)
FN:47,(anonymous_11)
FN:55,(anonymous_12)
FN:55,(anonymous_13)
FN:61,(anonymous_14)
FN:61,(anonymous_15)
FN:74,(anonymous_16)
FN:74,(anonymous_17)
FN:82,(anonymous_18)
FN:82,(anonymous_19)
FN:105,(anonymous_20)
FN:105,(anonymous_21)
FN:115,(anonymous_22)
FN:115,(anonymous_23)
FNF:16
FNH:16
FNDA:3,(anonymous_8)
FNDA:3,(anonymous_9)
FNDA:5,(anonymous_10)
FNDA:5,(anonymous_11)
FNDA:2,(anonymous_12)
FNDA:2,(anonymous_13)
FNDA:3,(anonymous_14)
FNDA:3,(anonymous_15)
FNDA:2,(anonymous_16)
FNDA:2,(anonymous_17)
FNDA:2,(anonymous_18)
FNDA:2,(anonymous_19)
FNDA:2,(anonymous_20)
FNDA:2,(anonymous_21)
FNDA:2,(anonymous_22)
FNDA:2,(anonymous_23)
DA:1,2
DA:2,2
DA:7,2
DA:8,2
DA:9,2
DA:18,2
DA:20,2
DA:21,2
DA:22,2
DA:31,3
DA:32,3
DA:34,2
DA:35,0
DA:37,2
DA:42,2
DA:43,2
DA:44,2
DA:47,5
DA:48,5
DA:50,5
DA:52,5
DA:55,2
DA:56,2
DA:57,2
DA:58,1
DA:61,3
DA:62,3
DA:63,2
DA:65,2
DA:70,2
DA:71,2
DA:74,2
DA:75,2
DA:76,1
DA:77,1
DA:78,1
DA:79,1
DA:82,2
DA:83,2
DA:84,1
DA:86,1
DA:88,1
DA:89,0
DA:92,1
DA:94,1
DA:99,1
DA:101,1
DA:102,1
DA:105,2
DA:106,2
DA:107,2
DA:109,2
DA:110,2
DA:111,2
DA:112,2
DA:115,2
DA:116,2
DA:117,2
DA:118,0
DA:120,2
DA:122,2
DA:126,2
DA:128,2
LF:63
LH:60
BRDA:34,0,0,0
BRDA:86,1,0,0
BRDA:86,1,1,1
BRDA:86,2,0,1
BRDA:86,2,1,1
BRDA:88,3,0,0
BRDA:116,4,0,0
BRDA:116,4,1,2
BRDA:116,5,0,2
BRDA:116,5,1,2
BRDA:117,6,0,0
BRF:11
BRH:6
end_of_record
TN:
SF:src\controller\commentsController.ts
FN:10,(anonymous_7)
FN:10,(anonymous_8)
FN:25,(anonymous_9)
FN:25,(anonymous_10)
FNF:4
FNH:0
FNDA:0,(anonymous_7)
FNDA:0,(anonymous_8)
FNDA:0,(anonymous_9)
FNDA:0,(anonymous_10)
DA:1,2
DA:2,2
DA:3,2
DA:4,2
DA:6,2
DA:10,2
DA:11,0
DA:12,0
DA:14,0
DA:16,0
DA:21,0
DA:22,0
DA:25,2
DA:26,0
DA:28,0
DA:30,0
DA:32,0
DA:33,0
LF:18
LH:7
BRDA:12,0,0,0
BRF:1
BRH:0
end_of_record
TN:
SF:src\controller\errorController.ts
FN:7,defaultNotFoundHandler
FN:11,globalErrorHandler
FN:48,isBadRequestError
FN:52,hasCode
FNF:4
FNH:4
FNDA:2,defaultNotFoundHandler
FNDA:9,globalErrorHandler
FNDA:2,isBadRequestError
FNDA:2,hasCode
DA:1,2
DA:2,2
DA:3,2
DA:4,2
DA:7,2
DA:8,2
DA:11,2
DA:17,9
DA:18,7
DA:19,7
DA:22,2
DA:23,0
DA:24,0
DA:27,2
DA:28,0
DA:29,0
DA:30,0
DA:33,2
DA:34,2
DA:35,2
DA:38,0
DA:39,0
DA:40,0
DA:43,0
DA:44,0
DA:45,0
DA:49,2
DA:53,2
LF:28
LH:17
BRDA:17,0,0,7
BRDA:17,1,0,9
BRDA:17,1,1,2
BRDA:22,2,0,0
BRDA:22,3,0,2
BRDA:22,3,1,2
BRDA:22,3,2,0
BRDA:27,4,0,0
BRDA:33,5,0,2
BRDA:38,6,0,0
BRDA:53,7,0,2
BRDA:53,7,1,2
BRDA:53,7,2,2
BRF:13
BRH:9
end_of_record
TN:
SF:src\controller\imagesController.ts
FN:13,(anonymous_8)
FN:16,(anonymous_9)
FN:27,(anonymous_10)
FN:37,uploadImage
FNF:4
FNH:0
FNDA:0,(anonymous_8)
FNDA:0,(anonymous_9)
FNDA:0,(anonymous_10)
FNDA:0,uploadImage
DA:1,2
DA:2,2
DA:3,2
DA:4,2
DA:5,2
DA:8,2
DA:9,2
DA:11,2
DA:14,0
DA:17,0
DA:18,0
DA:19,0
DA:28,0
DA:29,0
DA:30,0
DA:33,0
DA:37,2
DA:38,0
DA:39,0
DA:40,0
DA:42,0
DA:43,0
DA:44,0
DA:45,0
LF:24
LH:9
BRDA:28,0,0,0
BRDA:38,1,0,0
BRF:2
BRH:0
end_of_record
TN:
SF:src\controller\notificationsController.ts
FN:6,(anonymous_7)
FN:6,(anonymous_8)
FNF:2
FNH:0
FNDA:0,(anonymous_7)
FNDA:0,(anonymous_8)
DA:2,2
DA:3,2
DA:4,2
DA:6,2
DA:7,0
DA:8,0
DA:10,0
DA:11,0
DA:12,0
LF:9
LH:4
BRF:0
BRH:0
end_of_record
TN:
SF:src\controller\productController.ts
FN:28,(anonymous_8)
FN:28,(anonymous_9)
FN:46,(anonymous_10)
FN:46,(anonymous_11)
FN:66,(anonymous_12)
FN:66,(anonymous_13)
FN:74,(anonymous_14)
FN:74,(anonymous_15)
FN:88,(anonymous_16)
FN:88,(anonymous_17)
FN:95,(anonymous_18)
FN:95,(anonymous_19)
FN:116,(anonymous_20)
FN:116,(anonymous_21)
FN:127,(anonymous_22)
FN:127,(anonymous_23)
FNF:16
FNH:16
FNDA:2,(anonymous_8)
FNDA:2,(anonymous_9)
FNDA:6,(anonymous_10)
FNDA:6,(anonymous_11)
FNDA:2,(anonymous_12)
FNDA:2,(anonymous_13)
FNDA:3,(anonymous_14)
FNDA:3,(anonymous_15)
FNDA:2,(anonymous_16)
FNDA:2,(anonymous_17)
FNDA:1,(anonymous_18)
FNDA:1,(anonymous_19)
FNDA:1,(anonymous_20)
FNDA:1,(anonymous_21)
FNDA:2,(anonymous_22)
FNDA:2,(anonymous_23)
DA:1,2
DA:6,2
DA:7,2
DA:8,2
DA:9,2
DA:18,2
DA:20,2
DA:21,2
DA:22,2
DA:28,2
DA:29,2
DA:30,1
DA:32,1
DA:33,0
DA:35,1
DA:40,1
DA:42,1
DA:43,1
DA:46,6
DA:47,6
DA:48,6
DA:49,6
DA:50,0
DA:52,6
DA:54,6
DA:61,6
DA:62,6
DA:63,6
DA:66,2
DA:67,2
DA:68,1
DA:70,1
DA:71,1
DA:74,3
DA:75,3
DA:76,3
DA:77,3
DA:79,2
DA:83,2
DA:84,2
DA:85,2
DA:88,2
DA:89,2
DA:90,1
DA:91,1
DA:92,1
DA:95,2
DA:96,1
DA:97,1
DA:98,1
DA:100,1
DA:101,0
DA:103,1
DA:109,1
DA:111,1
DA:112,1
DA:113,1
DA:116,2
DA:117,1
DA:118,1
DA:120,1
DA:121,1
DA:123,1
DA:124,1
DA:127,2
DA:128,2
DA:130,2
DA:131,0
DA:134,2
DA:136,2
DA:141,2
DA:142,2
LF:72
LH:68
BRDA:32,0,0,0
BRDA:47,1,0,1
BRDA:47,1,1,5
BRDA:47,2,0,6
BRDA:47,2,1,6
BRDA:47,3,0,5
BRDA:47,3,1,1
BRDA:47,4,0,6
BRDA:47,4,1,6
BRDA:49,5,0,0
BRDA:49,6,0,6
BRDA:49,6,1,5
BRDA:56,7,0,6
BRDA:56,7,1,0
BRDA:56,8,0,6
BRDA:56,8,1,6
BRDA:57,9,0,6
BRDA:57,9,1,5
BRDA:98,10,0,0
BRDA:98,10,1,1
BRDA:98,11,0,1
BRDA:98,11,1,1
BRDA:100,12,0,0
BRDA:130,13,0,0
BRF:24
BRH:18
end_of_record
TN:
SF:src\controller\userController.ts
FN:31,(anonymous_8)
FN:31,(anonymous_9)
FN:51,(anonymous_10)
FN:51,(anonymous_11)
FN:91,(anonymous_12)
FN:91,(anonymous_13)
FN:101,(anonymous_14)
FN:101,(anonymous_15)
FN:115,(anonymous_16)
FN:115,(anonymous_17)
FN:128,(anonymous_18)
FN:128,(anonymous_19)
FN:169,(anonymous_20)
FN:169,(anonymous_21)
FN:177,(anonymous_22)
FN:177,(anonymous_23)
FNF:16
FNH:2
FNDA:0,(anonymous_8)
FNDA:0,(anonymous_9)
FNDA:2,(anonymous_10)
FNDA:2,(anonymous_11)
FNDA:0,(anonymous_12)
FNDA:0,(anonymous_13)
FNDA:0,(anonymous_14)
FNDA:0,(anonymous_15)
FNDA:0,(anonymous_16)
FNDA:0,(anonymous_17)
FNDA:0,(anonymous_18)
FNDA:0,(anonymous_19)
FNDA:0,(anonymous_20)
FNDA:0,(anonymous_21)
FNDA:0,(anonymous_22)
FNDA:0,(anonymous_23)
DA:1,2
DA:2,2
DA:12,2
DA:20,2
DA:22,2
DA:23,2
DA:24,2
DA:25,2
DA:26,2
DA:27,2
DA:31,2
DA:32,0
DA:33,0
DA:35,0
DA:36,0
DA:37,0
DA:40,0
DA:46,0
DA:47,0
DA:48,0
DA:51,2
DA:52,2
DA:54,2
DA:56,2
DA:57,0
DA:59,2
DA:61,2
DA:62,0
DA:64,2
DA:65,2
DA:67,2
DA:71,2
DA:73,2
DA:75,2
DA:81,2
DA:87,2
DA:88,2
DA:91,2
DA:92,0
DA:93,0
DA:95,0
DA:96,0
DA:97,0
DA:98,0
DA:101,2
DA:102,0
DA:103,0
DA:105,0
DA:109,0
DA:111,0
DA:112,0
DA:115,2
DA:116,0
DA:117,0
DA:118,0
DA:124,0
DA:125,0
DA:128,2
DA:129,0
DA:130,0
DA:131,0
DA:134,0
DA:136,0
DA:137,0
DA:138,0
DA:141,0
DA:143,0
DA:147,0
DA:149,0
DA:151,0
DA:158,0
DA:165,0
DA:166,0
DA:169,2
DA:170,0
DA:171,0
DA:172,0
DA:173,0
DA:174,0
DA:177,2
DA:178,0
DA:179,0
DA:181,0
DA:183,0
DA:185,0
DA:186,0
LF:86
LH:32
BRDA:35,0,0,0
BRDA:56,1,0,0
BRDA:61,2,0,0
BRDA:77,3,0,0
BRDA:77,3,1,2
BRDA:83,4,0,0
BRDA:83,4,1,2
BRDA:92,5,0,0
BRDA:117,6,0,0
BRDA:130,7,0,0
BRDA:137,8,0,0
BRF:11
BRH:2
end_of_record
TN:
SF:src\dto\articleDTO.ts
FN:5,articleResponseDTO
FNF:1
FNH:1
FNDA:5,articleResponseDTO
DA:5,2
DA:6,5
LF:2
LH:2
BRF:0
BRH:0
end_of_record
TN:
SF:src\dto\commentDTO.ts
FN:5,articlecommentResponseDTO
FN:16,commentResponseDTO
FN:28,productcommentResponseDTO
FNF:3
FNH:2
FNDA:1,articlecommentResponseDTO
FNDA:0,commentResponseDTO
FNDA:1,productcommentResponseDTO
DA:5,2
DA:6,1
DA:16,2
DA:17,0
DA:28,2
DA:29,1
LF:6
LH:5
BRF:0
BRH:0
end_of_record
TN:
SF:src\dto\notificationDTO.ts
FN:3,(anonymous_0)
FNF:1
FNH:0
FNDA:0,(anonymous_0)
DA:1,2
DA:4,0
LF:2
LH:1
BRF:0
BRH:0
end_of_record
TN:
SF:src\dto\productDTO.ts
FN:5,productResponseDTO
FNF:1
FNH:1
FNDA:4,productResponseDTO
DA:5,2
DA:6,4
LF:2
LH:2
BRF:0
BRH:0
end_of_record
TN:
SF:src\dto\userDTO.ts
FN:5,userResponseDTO
FN:42,userTransform
FNF:2
FNH:0
FNDA:0,userResponseDTO
FNDA:0,userTransform
DA:5,2
DA:6,0
DA:42,2
DA:43,0
LF:4
LH:2
BRDA:51,0,0,0
BRDA:51,0,1,0
BRDA:51,1,0,0
BRDA:51,1,1,0
BRF:4
BRH:0
end_of_record
TN:
SF:src\lib\async-handler.ts
FN:3,asyncHandler
FN:6,(anonymous_8)
FNF:2
FNH:2
FNDA:56,asyncHandler
FNDA:42,(anonymous_8)
DA:3,2
DA:6,56
DA:7,42
DA:8,42
DA:10,9
LF:5
LH:5
BRF:0
BRH:0
end_of_record
TN:
SF:src\lib\constants.ts
FNF:0
FNH:0
DA:1,2
DA:2,2
DA:3,2
DA:5,2
DA:6,0
DA:9,2
DA:10,0
DA:13,2
DA:14,2
DA:15,2
DA:16,2
DA:17,2
DA:18,2
DA:19,2
DA:20,2
DA:21,2
LF:16
LH:14
BRDA:5,0,0,0
BRDA:9,1,0,0
BRDA:18,2,0,2
BRDA:18,2,1,0
BRDA:19,3,0,2
BRDA:19,3,1,0
BRF:6
BRH:2
end_of_record
TN:
SF:src\lib\prisma.ts
FNF:0
FNH:0
DA:1,2
DA:3,2
DA:5,2
LF:3
LH:3
BRF:0
BRH:0
end_of_record
TN:
SF:src\lib\testUtils.ts
FN:3,clearDatabase
FN:18,clearCommentsWithReset
FN:22,clearProductsWithReset
FNF:3
FNH:3
FNDA:2,clearDatabase
FNDA:1,clearCommentsWithReset
FNDA:7,clearProductsWithReset
DA:3,2
DA:4,2
DA:18,2
DA:19,1
DA:22,2
DA:23,7
LF:6
LH:6
BRF:0
BRH:0
end_of_record
TN:
SF:src\lib\token.ts
FN:4,generateTokens
FN:11,verifyAccessToken
FN:20,verifyRefreshToken
FNF:3
FNH:1
FNDA:0,generateTokens
FNDA:23,verifyAccessToken
FNDA:0,verifyRefreshToken
DA:1,2
DA:2,2
DA:4,2
DA:5,0
DA:6,0
DA:8,0
DA:11,2
DA:12,23
DA:13,23
DA:14,0
DA:17,23
DA:20,2
DA:21,0
DA:23,0
DA:24,0
DA:27,0
LF:16
LH:8
BRDA:13,0,0,0
BRDA:13,1,0,23
BRDA:13,1,1,23
BRDA:23,2,0,0
BRDA:23,3,0,0
BRDA:23,3,1,0
BRF:6
BRH:2
end_of_record
TN:
SF:src\lib\errors\BadRequestError.ts
FN:4,(anonymous_0)
FNF:1
FNH:0
FNDA:0,(anonymous_0)
DA:5,0
DA:6,0
DA:7,0
DA:11,2
LF:4
LH:1
BRF:0
BRH:0
end_of_record
TN:
SF:src\lib\errors\NotFoundError.ts
FN:2,(anonymous_0)
FNF:1
FNH:1
FNDA:2,(anonymous_0)
DA:3,2
DA:4,2
DA:8,2
LF:3
LH:3
BRF:0
BRH:0
end_of_record
TN:
SF:src\lib\errors\Unauthorized.ts
FN:2,(anonymous_0)
FNF:1
FNH:0
FNDA:0,(anonymous_0)
DA:3,0
DA:4,0
DA:8,2
LF:3
LH:1
BRF:0
BRH:0
end_of_record
TN:
SF:src\middlewares\authenticate.ts
FN:6,authenticate
FN:7,(anonymous_8)
FN:7,(anonymous_9)
FNF:3
FNH:3
FNDA:44,authenticate
FNDA:37,(anonymous_8)
FNDA:37,(anonymous_9)
DA:1,2
DA:2,2
DA:4,2
DA:6,2
DA:7,44
DA:8,37
DA:9,37
DA:10,14
DA:11,14
DA:12,14
DA:14,0
DA:15,0
DA:18,23
DA:19,23
DA:20,23
DA:22,23
DA:23,0
DA:24,0
DA:26,23
DA:28,0
DA:29,0
DA:30,0
DA:32,0
DA:33,0
DA:35,23
DA:39,2
LF:26
LH:17
BRDA:6,0,0,34
BRDA:9,1,0,14
BRDA:10,2,0,14
BRDA:22,3,0,0
BRDA:22,4,0,23
BRDA:22,4,1,0
BRDA:26,5,0,23
BRDA:26,5,1,0
BRDA:26,6,0,23
BRDA:26,6,1,23
BRDA:28,7,0,0
BRF:11
BRH:7
end_of_record
TN:
SF:src\repository\articleRepository.ts
FN:8,savedata
FN:18,findById
FN:22,countArticle
FN:28,findArticle
FN:47,updatedata
FN:52,deleteByIdData
FN:56,findArticleAuthorId
FNF:7
FNH:7
FNDA:2,savedata
FNDA:6,findById
FNDA:5,countArticle
FNDA:5,findArticle
FNDA:2,updatedata
FNDA:1,deleteByIdData
FNDA:1,findArticleAuthorId
DA:1,2
DA:8,2
DA:9,2
DA:10,2
DA:18,2
DA:19,6
DA:22,2
DA:23,5
DA:28,2
DA:34,5
DA:47,2
DA:48,2
DA:49,2
DA:52,2
DA:53,1
DA:56,2
DA:57,1
DA:62,1
LF:18
LH:18
BRDA:24,0,0,1
BRDA:24,0,1,4
BRDA:37,1,0,5
BRDA:37,1,1,0
BRDA:38,2,0,1
BRDA:38,2,1,4
BRDA:62,3,0,1
BRDA:62,3,1,0
BRDA:62,4,0,1
BRDA:62,4,1,1
BRDA:62,5,0,0
BRDA:62,5,1,1
BRDA:62,6,0,1
BRDA:62,6,1,1
BRF:14
BRH:11
end_of_record
TN:
SF:src\repository\commentsRepository.ts
FN:10,findCommentsByArticles
FN:24,findCommentsByProductData
FN:37,findById
FN:41,updatedata
FN:49,deleteId
FN:55,commentArticle
FN:66,commentProductData
FNF:7
FNH:4
FNDA:2,findCommentsByArticles
FNDA:1,findCommentsByProductData
FNDA:0,findById
FNDA:0,updatedata
FNDA:0,deleteId
FNDA:1,commentArticle
FNDA:1,commentProductData
DA:1,2
DA:10,2
DA:15,2
DA:24,2
DA:29,1
DA:37,2
DA:38,0
DA:41,2
DA:42,0
DA:43,0
DA:49,2
DA:50,0
DA:55,2
DA:56,1
DA:57,1
DA:66,2
DA:67,1
DA:68,1
LF:18
LH:14
BRDA:17,0,0,1
BRDA:17,0,1,1
BRDA:18,1,0,1
BRDA:18,1,1,1
BRDA:30,2,0,0
BRDA:30,2,1,1
BRF:6
BRH:5
end_of_record
TN:
SF:src\repository\likeRepository.ts
FN:5,productLike
FN:15,productLikeCancel
FN:25,prouductLikeCreate
FN:33,articleLike
FN:43,articleLikeCancel
FN:53,articleLikeCreate
FN:61,findLikedProducts
FN:78,porductLikedFindPerson
FNF:8
FNH:7
FNDA:2,productLike
FNDA:1,productLikeCancel
FNDA:1,prouductLikeCreate
FNDA:2,articleLike
FNDA:1,articleLikeCancel
FNDA:1,articleLikeCreate
FNDA:0,findLikedProducts
FNDA:1,porductLikedFindPerson
DA:1,2
DA:5,2
DA:6,2
DA:15,2
DA:16,1
DA:25,2
DA:26,1
DA:33,2
DA:34,2
DA:43,2
DA:44,1
DA:53,2
DA:54,1
DA:61,2
DA:66,0
DA:78,2
DA:79,1
LF:17
LH:16
BRF:0
BRH:0
end_of_record
TN:
SF:src\repository\notificationRepository.ts
FN:4,(anonymous_8)
FN:4,(anonymous_9)
FN:11,(anonymous_10)
FN:15,(anonymous_11)
FN:21,(anonymous_12)
FN:24,(anonymous_13)
FN:33,(anonymous_14)
FN:33,(anonymous_15)
FNF:8
FNH:0
FNDA:0,(anonymous_8)
FNDA:0,(anonymous_9)
FNDA:0,(anonymous_10)
FNDA:0,(anonymous_11)
FNDA:0,(anonymous_12)
FNDA:0,(anonymous_13)
FNDA:0,(anonymous_14)
FNDA:0,(anonymous_15)
DA:1,2
DA:4,2
DA:5,0
DA:11,2
DA:15,0
DA:16,0
DA:21,2
DA:24,0
DA:25,0
DA:33,2
DA:34,0
LF:11
LH:5
BRDA:28,0,0,0
BRDA:28,0,1,0
BRF:2
BRH:0
end_of_record
TN:
SF:src\repository\productRepository.ts
FN:8,savedata
FN:12,listdata
FN:36,countdata
FN:37,(anonymous_14)
FN:51,getByIdData
FN:57,updateData
FN:69,deleteIdData
FN:75,userProduct
FN:76,(anonymous_22)
FNF:9
FNH:7
FNDA:1,savedata
FNDA:6,listdata
FNDA:6,countdata
FNDA:6,(anonymous_14)
FNDA:9,getByIdData
FNDA:2,updateData
FNDA:1,deleteIdData
FNDA:0,userProduct
FNDA:0,(anonymous_22)
DA:1,2
DA:8,2
DA:9,1
DA:12,2
DA:13,6
DA:15,6
DA:36,2
DA:37,6
DA:41,6
DA:51,2
DA:52,9
DA:57,2
DA:58,2
DA:59,2
DA:69,2
DA:70,1
DA:75,2
DA:76,0
DA:79,0
LF:19
LH:17
BRDA:18,0,0,5
BRDA:18,0,1,1
BRDA:20,1,0,6
BRDA:20,1,1,1
BRDA:23,2,0,6
BRDA:23,2,1,1
BRDA:23,2,2,1
BRDA:26,3,0,1
BRDA:26,3,1,5
BRDA:38,4,0,0
BRDA:43,5,0,6
BRDA:43,5,1,1
BRDA:46,6,0,6
BRDA:46,6,1,1
BRDA:46,6,2,1
BRDA:63,7,0,1
BRDA:63,7,1,1
BRDA:64,8,0,1
BRDA:64,8,1,1
BRDA:83,9,0,0
BRDA:83,9,1,0
BRF:21
BRH:18
end_of_record
TN:
SF:src\repository\userRepository.ts
FN:5,savedata
FN:13,findEmail
FN:17,findId
FN:21,updatedata
FNF:4
FNH:3
FNDA:0,savedata
FNDA:2,findEmail
FNDA:23,findId
FNDA:2,updatedata
DA:1,2
DA:5,2
DA:6,0
DA:13,2
DA:14,2
DA:17,2
DA:18,23
DA:21,2
DA:22,2
DA:23,2
LF:10
LH:9
BRF:0
BRH:0
end_of_record
TN:
SF:src\routes\articleRouter.ts
FNF:0
FNH:0
DA:1,2
DA:2,2
DA:3,2
DA:13,2
DA:15,2
DA:17,2
DA:18,2
DA:19,2
DA:20,2
DA:21,2
DA:22,2
DA:23,2
DA:24,2
DA:26,2
LF:14
LH:14
BRF:0
BRH:0
end_of_record
TN:
SF:src\routes\commentRouter.ts
FNF:0
FNH:0
DA:1,2
DA:2,2
DA:3,2
DA:4,2
DA:6,2
DA:8,2
DA:9,2
DA:11,2
LF:8
LH:8
BRF:0
BRH:0
end_of_record
TN:
SF:src\routes\imagesRouter.ts
FNF:0
FNH:0
DA:1,2
DA:2,2
DA:3,2
DA:5,2
DA:7,2
DA:9,2
LF:6
LH:6
BRF:0
BRH:0
end_of_record
TN:
SF:src\routes\notificationRouter.ts
FNF:0
FNH:0
DA:1,2
DA:2,2
DA:3,2
DA:4,2
DA:6,2
DA:8,2
DA:10,2
LF:7
LH:7
BRF:0
BRH:0
end_of_record
TN:
SF:src\routes\productRouters.ts
FNF:0
FNH:0
DA:1,2
DA:2,2
DA:3,2
DA:13,2
DA:15,2
DA:17,2
DA:18,2
DA:19,2
DA:20,2
DA:21,2
DA:22,2
DA:23,2
DA:24,2
DA:26,2
LF:14
LH:14
BRF:0
BRH:0
end_of_record
TN:
SF:src\routes\userRouter.ts
FNF:0
FNH:0
DA:1,2
DA:2,2
DA:3,2
DA:13,2
DA:15,2
DA:17,2
DA:18,2
DA:19,2
DA:20,2
DA:21,2
DA:22,2
DA:23,2
DA:24,2
DA:26,2
LF:14
LH:14
BRF:0
BRH:0
end_of_record
TN:
SF:src\services\articleService.ts
FN:23,save
FN:27,getList
FN:27,(anonymous_11)
FN:35,(anonymous_12)
FN:44,getById
FN:53,update
FN:57,deleteById
FN:61,saveComment
FN:82,findCommentsByArticle
FNF:9
FNH:9
FNDA:2,save
FNDA:5,getList
FNDA:5,(anonymous_11)
FNDA:26,(anonymous_12)
FNDA:6,getById
FNDA:2,update
FNDA:1,deleteById
FNDA:1,saveComment
FNDA:2,findCommentsByArticle
DA:1,2
DA:10,2
DA:11,2
DA:14,2
DA:23,2
DA:24,2
DA:27,5
DA:28,5
DA:30,5
DA:31,5
DA:33,5
DA:34,5
DA:35,26
DA:44,2
DA:45,6
DA:47,6
DA:48,1
DA:50,5
DA:53,2
DA:54,2
DA:57,2
DA:58,1
DA:61,2
DA:62,1
DA:64,1
DA:65,1
DA:67,1
DA:68,0
DA:79,1
DA:82,2
DA:83,2
DA:85,2
DA:86,2
DA:87,2
DA:89,2
LF:35
LH:34
BRDA:27,0,0,0
BRDA:30,1,0,5
BRDA:30,1,1,0
BRDA:31,2,0,5
BRDA:31,2,1,0
BRDA:47,3,0,1
BRDA:64,4,0,1
BRDA:67,5,0,0
BRDA:67,6,0,1
BRDA:67,6,1,1
BRDA:87,7,0,2
BRDA:87,7,1,0
BRF:12
BRH:7
end_of_record
TN:
SF:src\services\commentsService.ts
FN:5,findByIdData
FN:13,update
FN:17,deleteIdData
FNF:3
FNH:0
FNDA:0,findByIdData
FNDA:0,update
FNDA:0,deleteIdData
DA:1,2
DA:2,2
DA:5,2
DA:6,0
DA:7,0
DA:8,0
DA:10,0
DA:13,2
DA:14,0
DA:17,2
DA:18,0
LF:11
LH:5
BRDA:7,0,0,0
BRF:1
BRH:0
end_of_record
TN:
SF:src\services\likeServices.ts
FN:12,likeProductFind
FN:23,likeArticleFind
FN:35,productLikedList
FNF:3
FNH:2
FNDA:2,likeProductFind
FNDA:2,likeArticleFind
FNDA:0,productLikedList
DA:1,2
DA:12,2
DA:13,2
DA:14,2
DA:15,1
DA:16,1
DA:18,1
DA:19,1
DA:23,2
DA:24,2
DA:26,2
DA:27,1
DA:28,1
DA:30,1
DA:31,1
DA:35,2
DA:36,0
DA:37,0
DA:38,0
LF:19
LH:16
BRDA:14,0,0,1
BRDA:14,0,1,1
BRDA:26,1,0,1
BRDA:26,1,1,1
BRDA:36,2,0,0
BRDA:36,2,1,0
BRDA:37,3,0,0
BRDA:37,3,1,0
BRF:8
BRH:4
end_of_record
TN:
SF:src\services\notificationService.ts
FN:14,(anonymous_7)
FN:19,(anonymous_8)
FN:19,(anonymous_9)
FN:31,(anonymous_10)
FN:31,(anonymous_11)
FN:35,(anonymous_12)
FN:48,(anonymous_13)
FN:48,(anonymous_14)
FN:52,(anonymous_15)
FN:52,(anonymous_16)
FNF:10
FNH:3
FNDA:2,(anonymous_7)
FNDA:0,(anonymous_8)
FNDA:0,(anonymous_9)
FNDA:1,(anonymous_10)
FNDA:1,(anonymous_11)
FNDA:0,(anonymous_12)
FNDA:0,(anonymous_13)
FNDA:0,(anonymous_14)
FNDA:0,(anonymous_15)
FNDA:0,(anonymous_16)
DA:3,2
DA:9,2
DA:10,2
DA:14,2
DA:15,2
DA:16,2
DA:19,2
DA:20,0
DA:22,0
DA:23,0
DA:25,0
DA:26,0
DA:28,0
DA:31,2
DA:32,1
DA:34,1
DA:36,0
DA:48,2
DA:49,0
DA:52,2
DA:53,0
DA:54,0
DA:55,0
DA:58,0
DA:59,0
DA:60,0
DA:63,0
LF:27
LH:12
BRDA:54,0,0,0
BRDA:58,1,0,0
BRF:2
BRH:0
end_of_record
TN:
SF:src\services\productService.ts
FN:16,save
FN:24,list
FN:40,(anonymous_12)
FN:51,count
FN:55,getById
FN:63,update
FN:77,deleteId
FN:81,commentProduct
FN:85,findCommentsByProduct
FNF:9
FNH:8
FNDA:1,save
FNDA:6,list
FNDA:37,(anonymous_12)
FNDA:0,count
FNDA:7,getById
FNDA:2,update
FNDA:1,deleteId
FNDA:1,commentProduct
FNDA:1,findCommentsByProduct
DA:1,2
DA:9,2
DA:10,2
DA:14,2
DA:16,2
DA:17,1
DA:18,1
DA:19,0
DA:21,1
DA:24,2
DA:25,6
DA:32,6
DA:38,6
DA:39,6
DA:41,37
DA:51,2
DA:52,0
DA:55,2
DA:56,7
DA:57,7
DA:58,1
DA:60,6
DA:63,2
DA:64,2
DA:65,2
DA:67,2
DA:72,1
DA:74,2
DA:77,2
DA:78,1
DA:81,2
DA:82,1
DA:85,2
DA:86,1
DA:88,1
DA:89,1
DA:90,1
DA:92,1
LF:38
LH:36
BRDA:18,0,0,0
BRDA:27,1,0,1
BRDA:27,1,1,5
BRDA:27,2,0,6
BRDA:27,2,1,1
BRDA:28,3,0,6
BRDA:28,3,1,0
BRDA:29,4,0,6
BRDA:29,4,1,0
BRDA:43,5,0,1
BRDA:43,5,1,36
BRDA:57,6,0,1
BRDA:67,7,0,1
BRDA:68,8,0,2
BRDA:68,8,1,2
BRDA:68,8,2,1
BRDA:68,9,0,0
BRDA:68,9,1,2
BRDA:68,10,0,2
BRDA:68,10,1,2
BRDA:90,11,0,1
BRDA:90,11,1,0
BRF:22
BRH:17
end_of_record
TN:
SF:src\services\userService.ts
FN:15,hashingPassword
FN:19,createToken
FN:37,isExistEmail
FN:42,findEmailForLogin
FN:47,save
FN:59,getUser
FN:70,verifyPassword
FN:79,getUserById
FN:87,update
FN:101,getProductList
FN:102,(anonymous_26)
FN:114,refreshToken
FN:124,filterSensitiveUserData
FNF:13
FNH:5
FNDA:0,hashingPassword
FNDA:4,createToken
FNDA:0,isExistEmail
FNDA:2,findEmailForLogin
FNDA:0,save
FNDA:0,getUser
FNDA:2,verifyPassword
FNDA:0,getUserById
FNDA:2,update
FNDA:0,getProductList
FNDA:0,(anonymous_26)
FNDA:0,refreshToken
FNDA:2,filterSensitiveUserData
DA:1,2
DA:2,2
DA:3,2
DA:4,2
DA:5,2
DA:6,2
DA:15,2
DA:16,0
DA:19,2
DA:20,4
DA:22,4
DA:24,4
DA:28,4
DA:29,0
DA:32,4
DA:34,4
DA:37,2
DA:38,0
DA:39,0
DA:42,2
DA:43,2
DA:44,2
DA:47,2
DA:48,0
DA:49,0
DA:51,0
DA:55,0
DA:56,0
DA:59,2
DA:60,0
DA:61,0
DA:62,0
DA:65,0
DA:67,0
DA:70,2
DA:71,2
DA:72,2
DA:73,0
DA:76,2
DA:79,2
DA:80,0
DA:81,0
DA:82,0
DA:84,0
DA:87,2
DA:88,2
DA:90,2
DA:91,2
DA:92,2
DA:93,2
DA:94,2
DA:96,2
DA:98,2
DA:101,2
DA:102,0
DA:105,0
DA:106,0
DA:107,0
DA:114,2
DA:115,0
DA:116,0
DA:117,0
DA:119,0
DA:120,0
DA:121,0
DA:124,2
DA:125,2
DA:126,2
LF:68
LH:39
BRDA:22,0,0,2
BRDA:22,0,1,2
BRDA:25,1,0,2
BRDA:25,1,1,2
BRDA:28,2,0,0
BRDA:61,3,0,0
BRDA:72,4,0,0
BRDA:81,5,0,0
BRDA:91,6,0,0
BRDA:92,7,0,0
BRDA:93,8,0,0
BRDA:94,9,0,2
BRDA:103,10,0,0
BRDA:105,11,0,0
BRDA:105,11,1,0
BRDA:106,12,0,0
BRDA:106,12,1,0
BRDA:116,13,0,0
BRDA:116,14,0,0
BRDA:116,14,1,0
BRF:20
BRH:5
end_of_record
TN:
SF:src\socket\notificationGateway.ts
FN:3,notificationGateway
FNF:1
FNH:0
FNDA:0,notificationGateway
DA:3,2
DA:4,0
DA:5,0
DA:6,0
DA:7,0
DA:8,0
DA:11,0
DA:12,0
LF:8
LH:1
BRDA:4,0,0,0
BRDA:4,0,1,0
BRDA:4,1,0,0
BRDA:4,1,1,0
BRDA:6,2,0,0
BRF:5
BRH:0
end_of_record
TN:
SF:src\socket\socket.ts
FN:7,setupSocketIO
FN:17,(anonymous_2)
FN:36,(anonymous_3)
FNF:3
FNH:1
FNDA:2,setupSocketIO
FNDA:0,(anonymous_2)
FNDA:0,(anonymous_3)
DA:1,2
DA:3,2
DA:4,2
DA:5,2
DA:7,2
DA:8,2
DA:15,2
DA:17,2
DA:18,0
DA:19,0
DA:20,0
DA:21,0
DA:24,0
DA:25,0
DA:26,0
DA:27,0
DA:28,0
DA:30,0
DA:31,0
DA:32,0
DA:36,2
DA:37,0
DA:40,2
LF:23
LH:10
BRDA:18,0,0,0
BRDA:18,0,1,0
BRDA:18,1,0,0
BRDA:18,1,1,0
BRDA:19,2,0,0
BRF:5
BRH:0
end_of_record
TN:
SF:src\structs\articleStructs.ts
FNF:0
FNH:0
DA:1,2
DA:2,2
DA:4,2
DA:6,2
DA:12,2
LF:5
LH:5
BRF:0
BRH:0
end_of_record
TN:
SF:src\structs\commentsStruct.ts
FNF:0
FNH:0
DA:1,2
DA:2,2
DA:4,2
DA:10,2
DA:14,2
LF:5
LH:5
BRF:0
BRH:0
end_of_record
TN:
SF:src\structs\commonStruct.ts
FN:13,(anonymous_0)
FN:26,(anonymous_1)
FNF:2
FNH:2
FNDA:26,(anonymous_0)
FNDA:1,(anonymous_1)
DA:1,2
DA:13,26
DA:15,2
DA:21,2
DA:26,1
DA:31,2
LF:6
LH:6
BRF:0
BRH:0
end_of_record
TN:
SF:src\structs\productsStruct.ts
FN:14,(anonymous_0)
FNF:1
FNH:1
FNDA:5,(anonymous_0)
DA:1,2
DA:11,2
DA:13,2
DA:14,5
DA:23,2
DA:27,2
LF:6
LH:6
BRF:0
BRH:0
end_of_record
TN:
SF:src\structs\userStructs.ts
FN:56,(anonymous_0)
FNF:1
FNH:0
FNDA:0,(anonymous_0)
DA:1,2
DA:13,2
DA:15,2
DA:22,2
DA:29,2
DA:42,2
DA:48,2
DA:52,2
DA:56,2
DA:57,0
DA:58,0
DA:59,0
DA:62,2
LF:13
LH:10
BRDA:57,0,0,0
BRDA:58,1,0,0
BRF:2
BRH:0
end_of_record
TN:
SF:src\types\expressExtensions.ts
FNF:0
FNH:0
DA:1,2
LF:1
LH:1
BRF:0
BRH:0
end_of_record
