TN:
SF:src\app.ts
FNF:0
FNH:0
DA:1,3
DA:2,3
DA:3,3
DA:4,3
DA:5,3
DA:6,3
DA:7,3
DA:8,3
DA:9,3
DA:10,3
DA:11,3
DA:12,3
DA:13,3
DA:14,3
DA:15,3
DA:17,3
DA:18,3
DA:19,3
DA:20,3
DA:21,3
DA:23,3
DA:24,3
DA:26,3
DA:27,3
DA:28,3
DA:29,3
DA:30,3
DA:31,3
DA:33,3
DA:34,3
DA:36,3
LF:31
LH:31
BRF:0
BRH:0
end_of_record
TN:
SF:src\controller\articleController.ts
FN:31,(anonymous_8)
FN:31,(anonymous_9)
FN:44,(anonymous_10)
FN:44,(anonymous_11)
FN:52,(anonymous_12)
FN:52,(anonymous_13)
FN:58,(anonymous_14)
FN:58,(anonymous_15)
FN:71,(anonymous_16)
FN:71,(anonymous_17)
FN:79,(anonymous_18)
FN:79,(anonymous_19)
FN:98,(anonymous_20)
FN:98,(anonymous_21)
FN:108,(anonymous_22)
FN:108,(anonymous_23)
FNF:16
FNH:16
FNDA:3,(anonymous_8)
FNDA:3,(anonymous_9)
FNDA:5,(anonymous_10)
FNDA:5,(anonymous_11)
FNDA:2,(anonymous_12)
FNDA:2,(anonymous_13)
FNDA:3,(anonymous_14)
FNDA:3,(anonymous_15)
FNDA:2,(anonymous_16)
FNDA:2,(anonymous_17)
FNDA:2,(anonymous_18)
FNDA:2,(anonymous_19)
FNDA:2,(anonymous_20)
FNDA:2,(anonymous_21)
FNDA:2,(anonymous_22)
FNDA:2,(anonymous_23)
DA:1,3
DA:2,3
DA:7,3
DA:8,3
DA:9,3
DA:18,3
DA:20,3
DA:21,3
DA:22,3
DA:31,3
DA:32,3
DA:34,2
DA:39,2
DA:40,2
DA:41,2
DA:44,5
DA:45,5
DA:47,5
DA:49,5
DA:52,3
DA:53,2
DA:54,2
DA:55,1
DA:58,3
DA:59,3
DA:60,2
DA:62,2
DA:67,2
DA:68,2
DA:71,3
DA:72,2
DA:73,1
DA:74,1
DA:75,1
DA:76,1
DA:79,3
DA:80,2
DA:81,1
DA:83,1
DA:85,1
DA:87,1
DA:92,1
DA:94,1
DA:95,1
DA:98,3
DA:99,2
DA:100,2
DA:102,2
DA:103,2
DA:104,2
DA:105,2
DA:108,3
DA:109,2
DA:110,2
DA:111,0
DA:113,2
DA:115,2
DA:119,2
DA:121,2
LF:59
LH:58
BRDA:109,0,0,0
BRDA:109,0,1,2
BRDA:109,1,0,2
BRDA:109,1,1,2
BRDA:110,2,0,0
BRF:5
BRH:3
end_of_record
TN:
SF:src\controller\commentsController.ts
FN:10,(anonymous_7)
FN:10,(anonymous_8)
FN:25,(anonymous_9)
FN:25,(anonymous_10)
FNF:4
FNH:0
FNDA:0,(anonymous_7)
FNDA:0,(anonymous_8)
FNDA:0,(anonymous_9)
FNDA:0,(anonymous_10)
DA:1,3
DA:2,3
DA:3,3
DA:4,3
DA:6,3
DA:10,3
DA:11,0
DA:12,0
DA:14,0
DA:16,0
DA:21,0
DA:22,0
DA:25,3
DA:26,0
DA:28,0
DA:30,0
DA:32,0
DA:33,0
LF:18
LH:7
BRDA:12,0,0,0
BRF:1
BRH:0
end_of_record
TN:
SF:src\controller\errorController.ts
FN:7,defaultNotFoundHandler
FN:11,globalErrorHandler
FN:48,isBadRequestError
FN:52,hasCode
FNF:4
FNH:4
FNDA:2,defaultNotFoundHandler
FNDA:14,globalErrorHandler
FNDA:5,isBadRequestError
FNDA:5,hasCode
DA:1,3
DA:2,3
DA:3,3
DA:4,3
DA:7,3
DA:8,2
DA:11,3
DA:17,14
DA:18,9
DA:19,9
DA:22,5
DA:23,0
DA:24,0
DA:27,5
DA:28,0
DA:29,0
DA:30,0
DA:33,5
DA:34,3
DA:35,3
DA:38,2
DA:39,2
DA:40,2
DA:43,0
DA:44,0
DA:45,0
DA:49,5
DA:53,5
LF:28
LH:20
BRDA:17,0,0,9
BRDA:17,1,0,14
BRDA:17,1,1,6
BRDA:22,2,0,0
BRDA:22,3,0,5
BRDA:22,3,1,5
BRDA:22,3,2,0
BRDA:27,4,0,0
BRDA:33,5,0,3
BRDA:38,6,0,2
BRDA:53,7,0,5
BRDA:53,7,1,5
BRDA:53,7,2,5
BRF:13
BRH:10
end_of_record
TN:
SF:src\controller\imagesController.ts
FN:13,(anonymous_8)
FN:16,(anonymous_9)
FN:27,(anonymous_10)
FN:37,uploadImage
FNF:4
FNH:0
FNDA:0,(anonymous_8)
FNDA:0,(anonymous_9)
FNDA:0,(anonymous_10)
FNDA:0,uploadImage
DA:1,3
DA:2,3
DA:3,3
DA:4,3
DA:5,3
DA:8,3
DA:9,3
DA:11,3
DA:14,0
DA:17,0
DA:18,0
DA:19,0
DA:28,0
DA:29,0
DA:30,0
DA:33,0
DA:37,3
DA:38,0
DA:39,0
DA:40,0
DA:42,0
DA:43,0
DA:44,0
DA:45,0
LF:24
LH:9
BRDA:28,0,0,0
BRDA:38,1,0,0
BRF:2
BRH:0
end_of_record
TN:
SF:src\controller\notificationsController.ts
FN:6,(anonymous_7)
FN:6,(anonymous_8)
FNF:2
FNH:0
FNDA:0,(anonymous_7)
FNDA:0,(anonymous_8)
DA:2,3
DA:3,3
DA:4,3
DA:6,3
DA:7,0
DA:8,0
DA:10,0
DA:11,0
DA:12,0
LF:9
LH:4
BRF:0
BRH:0
end_of_record
TN:
SF:src\controller\productController.ts
FN:28,(anonymous_8)
FN:28,(anonymous_9)
FN:46,(anonymous_10)
FN:46,(anonymous_11)
FN:66,(anonymous_12)
FN:66,(anonymous_13)
FN:74,(anonymous_14)
FN:74,(anonymous_15)
FN:88,(anonymous_16)
FN:88,(anonymous_17)
FN:95,(anonymous_18)
FN:95,(anonymous_19)
FN:116,(anonymous_20)
FN:116,(anonymous_21)
FN:127,(anonymous_22)
FN:127,(anonymous_23)
FNF:16
FNH:16
FNDA:2,(anonymous_8)
FNDA:2,(anonymous_9)
FNDA:6,(anonymous_10)
FNDA:6,(anonymous_11)
FNDA:2,(anonymous_12)
FNDA:2,(anonymous_13)
FNDA:3,(anonymous_14)
FNDA:3,(anonymous_15)
FNDA:2,(anonymous_16)
FNDA:2,(anonymous_17)
FNDA:1,(anonymous_18)
FNDA:1,(anonymous_19)
FNDA:1,(anonymous_20)
FNDA:1,(anonymous_21)
FNDA:2,(anonymous_22)
FNDA:2,(anonymous_23)
DA:1,3
DA:6,3
DA:7,3
DA:8,3
DA:9,3
DA:18,3
DA:20,3
DA:21,3
DA:22,3
DA:28,3
DA:29,2
DA:30,1
DA:32,1
DA:33,0
DA:35,1
DA:40,1
DA:42,1
DA:43,1
DA:46,6
DA:47,6
DA:48,6
DA:49,6
DA:50,0
DA:52,6
DA:54,6
DA:61,6
DA:62,6
DA:63,6
DA:66,3
DA:67,2
DA:68,1
DA:70,1
DA:71,1
DA:74,3
DA:75,3
DA:76,3
DA:77,3
DA:79,2
DA:83,2
DA:84,2
DA:85,2
DA:88,3
DA:89,2
DA:90,1
DA:91,1
DA:92,1
DA:95,3
DA:96,1
DA:97,1
DA:98,1
DA:100,1
DA:101,0
DA:103,1
DA:109,1
DA:111,1
DA:112,1
DA:113,1
DA:116,3
DA:117,1
DA:118,1
DA:120,1
DA:121,1
DA:123,1
DA:124,1
DA:127,3
DA:128,2
DA:130,2
DA:131,0
DA:134,2
DA:136,2
DA:141,2
DA:142,2
LF:72
LH:68
BRDA:32,0,0,0
BRDA:47,1,0,1
BRDA:47,1,1,5
BRDA:47,2,0,6
BRDA:47,2,1,6
BRDA:47,3,0,5
BRDA:47,3,1,1
BRDA:47,4,0,6
BRDA:47,4,1,6
BRDA:49,5,0,0
BRDA:49,6,0,6
BRDA:49,6,1,5
BRDA:56,7,0,6
BRDA:56,7,1,0
BRDA:56,8,0,6
BRDA:56,8,1,6
BRDA:57,9,0,6
BRDA:57,9,1,5
BRDA:98,10,0,0
BRDA:98,10,1,1
BRDA:98,11,0,1
BRDA:98,11,1,1
BRDA:100,12,0,0
BRDA:130,13,0,0
BRF:24
BRH:18
end_of_record
TN:
SF:src\controller\userController.ts
FN:34,(anonymous_8)
FN:34,(anonymous_9)
FN:54,(anonymous_10)
FN:54,(anonymous_11)
FN:91,(anonymous_12)
FN:91,(anonymous_13)
FN:98,(anonymous_14)
FN:98,(anonymous_15)
FN:112,(anonymous_16)
FN:112,(anonymous_17)
FN:125,(anonymous_18)
FN:125,(anonymous_19)
FN:163,(anonymous_20)
FN:163,(anonymous_21)
FN:171,(anonymous_22)
FN:171,(anonymous_23)
FNF:16
FNH:16
FNDA:2,(anonymous_8)
FNDA:2,(anonymous_9)
FNDA:9,(anonymous_10)
FNDA:9,(anonymous_11)
FNDA:3,(anonymous_12)
FNDA:3,(anonymous_13)
FNDA:2,(anonymous_14)
FNDA:2,(anonymous_15)
FNDA:6,(anonymous_16)
FNDA:6,(anonymous_17)
FNDA:2,(anonymous_18)
FNDA:2,(anonymous_19)
FNDA:3,(anonymous_20)
FNDA:3,(anonymous_21)
FNDA:2,(anonymous_22)
FNDA:2,(anonymous_23)
DA:1,3
DA:2,3
DA:13,3
DA:21,3
DA:23,3
DA:24,3
DA:25,3
DA:26,3
DA:27,3
DA:28,3
DA:29,3
DA:34,3
DA:35,2
DA:36,2
DA:38,2
DA:39,1
DA:40,1
DA:43,1
DA:49,1
DA:50,1
DA:51,1
DA:54,9
DA:55,9
DA:57,9
DA:59,9
DA:60,1
DA:62,8
DA:64,7
DA:65,7
DA:67,7
DA:71,7
DA:73,7
DA:75,7
DA:81,7
DA:87,7
DA:88,7
DA:91,3
DA:92,3
DA:93,3
DA:94,2
DA:95,2
DA:98,3
DA:99,2
DA:100,2
DA:102,2
DA:106,2
DA:108,2
DA:109,2
DA:112,6
DA:113,6
DA:114,5
DA:115,5
DA:121,5
DA:122,5
DA:125,3
DA:126,2
DA:127,2
DA:128,1
DA:131,1
DA:133,1
DA:135,1
DA:137,1
DA:141,1
DA:143,1
DA:145,1
DA:152,1
DA:159,1
DA:160,1
DA:163,3
DA:164,3
DA:165,3
DA:166,3
DA:167,3
DA:168,3
DA:171,3
DA:172,2
DA:173,2
DA:175,2
DA:177,2
DA:179,2
DA:180,2
LF:81
LH:81
BRDA:38,0,0,1
BRDA:59,1,0,1
BRDA:77,2,0,0
BRDA:77,2,1,7
BRDA:83,3,0,0
BRDA:83,3,1,7
BRDA:114,4,0,0
BRDA:127,5,0,1
BRF:8
BRH:5
end_of_record
TN:
SF:src\dto\articleDTO.ts
FN:5,articleResponseDTO
FNF:1
FNH:1
FNDA:5,articleResponseDTO
DA:5,3
DA:6,5
LF:2
LH:2
BRF:0
BRH:0
end_of_record
TN:
SF:src\dto\commentDTO.ts
FN:5,articlecommentResponseDTO
FN:16,commentResponseDTO
FN:28,productcommentResponseDTO
FNF:3
FNH:2
FNDA:1,articlecommentResponseDTO
FNDA:0,commentResponseDTO
FNDA:1,productcommentResponseDTO
DA:5,3
DA:6,1
DA:16,3
DA:17,0
DA:28,3
DA:29,1
LF:6
LH:5
BRF:0
BRH:0
end_of_record
TN:
SF:src\dto\notificationDTO.ts
FN:3,(anonymous_0)
FNF:1
FNH:0
FNDA:0,(anonymous_0)
DA:1,5
DA:4,0
LF:2
LH:1
BRF:0
BRH:0
end_of_record
TN:
SF:src\dto\productDTO.ts
FN:5,productResponseDTO
FNF:1
FNH:1
FNDA:4,productResponseDTO
DA:5,3
DA:6,4
LF:2
LH:2
BRF:0
BRH:0
end_of_record
TN:
SF:src\dto\userDTO.ts
FN:5,userResponseDTO
FN:42,userTransform
FNF:2
FNH:1
FNDA:5,userResponseDTO
FNDA:0,userTransform
DA:5,3
DA:6,5
DA:42,3
DA:43,0
LF:4
LH:3
BRDA:51,0,0,0
BRDA:51,0,1,0
BRDA:51,1,0,0
BRDA:51,1,1,0
BRF:4
BRH:0
end_of_record
TN:
SF:src\lib\async-handler.ts
FN:3,asyncHandler
FN:6,(anonymous_8)
FNF:2
FNH:2
FNDA:84,asyncHandler
FNDA:69,(anonymous_8)
DA:3,3
DA:6,84
DA:7,69
DA:8,69
DA:10,14
LF:5
LH:5
BRF:0
BRH:0
end_of_record
TN:
SF:src\lib\constants.ts
FNF:0
FNH:0
DA:1,3
DA:2,3
DA:3,3
DA:5,3
DA:6,0
DA:9,3
DA:10,0
DA:13,3
DA:14,3
DA:15,3
DA:16,3
DA:17,3
DA:18,3
DA:19,3
DA:20,3
DA:21,3
LF:16
LH:14
BRDA:5,0,0,0
BRDA:9,1,0,0
BRDA:18,2,0,3
BRDA:18,2,1,0
BRDA:19,3,0,3
BRDA:19,3,1,0
BRF:6
BRH:2
end_of_record
TN:
SF:src\lib\prisma.ts
FNF:0
FNH:0
DA:1,8
DA:3,8
DA:5,8
LF:3
LH:3
BRF:0
BRH:0
end_of_record
TN:
SF:src\lib\testUtils.ts
FN:3,clearDatabase
FN:18,clearCommentsWithReset
FN:22,clearProductsWithReset
FNF:3
FNH:3
FNDA:3,clearDatabase
FNDA:1,clearCommentsWithReset
FNDA:7,clearProductsWithReset
DA:3,3
DA:4,3
DA:18,3
DA:19,1
DA:22,3
DA:23,7
LF:6
LH:6
BRF:0
BRH:0
end_of_record
TN:
SF:src\lib\token.ts
FN:4,generateTokens
FN:11,verifyAccessToken
FN:20,verifyRefreshToken
FNF:3
FNH:2
FNDA:0,generateTokens
FNDA:36,verifyAccessToken
FNDA:1,verifyRefreshToken
DA:1,3
DA:2,3
DA:4,3
DA:5,0
DA:6,0
DA:8,0
DA:11,3
DA:12,36
DA:13,36
DA:14,0
DA:17,36
DA:20,3
DA:21,1
DA:23,1
DA:24,0
DA:27,1
LF:16
LH:11
BRDA:13,0,0,0
BRDA:13,1,0,36
BRDA:13,1,1,36
BRDA:23,2,0,0
BRDA:23,3,0,1
BRDA:23,3,1,1
BRF:6
BRH:4
end_of_record
TN:
SF:src\lib\errors\BadRequestError.ts
FN:4,(anonymous_0)
FNF:1
FNH:1
FNDA:1,(anonymous_0)
DA:5,1
DA:6,1
DA:7,1
DA:11,3
LF:4
LH:4
BRF:0
BRH:0
end_of_record
TN:
SF:src\lib\errors\NotFoundError.ts
FN:2,(anonymous_0)
FNF:1
FNH:1
FNDA:4,(anonymous_0)
DA:3,4
DA:4,4
DA:8,5
LF:3
LH:3
BRF:0
BRH:0
end_of_record
TN:
SF:src\lib\errors\Unauthorized.ts
FN:2,(anonymous_0)
FNF:1
FNH:1
FNDA:2,(anonymous_0)
DA:3,2
DA:4,2
DA:8,3
LF:3
LH:3
BRF:0
BRH:0
end_of_record
TN:
SF:src\middlewares\authenticate.ts
FN:6,authenticate
FN:7,(anonymous_8)
FN:7,(anonymous_9)
FNF:3
FNH:3
FNDA:66,authenticate
FNDA:53,(anonymous_8)
FNDA:53,(anonymous_9)
DA:1,3
DA:2,3
DA:4,3
DA:6,3
DA:7,66
DA:8,53
DA:9,53
DA:10,17
DA:11,17
DA:12,17
DA:14,0
DA:15,0
DA:18,36
DA:19,36
DA:20,36
DA:22,36
DA:23,0
DA:24,0
DA:26,36
DA:28,0
DA:29,0
DA:30,0
DA:32,0
DA:33,0
DA:35,36
DA:39,3
LF:26
LH:17
BRDA:6,0,0,51
BRDA:9,1,0,17
BRDA:10,2,0,17
BRDA:22,3,0,0
BRDA:22,4,0,36
BRDA:22,4,1,0
BRDA:26,5,0,36
BRDA:26,5,1,0
BRDA:26,6,0,36
BRDA:26,6,1,36
BRDA:28,7,0,0
BRF:11
BRH:7
end_of_record
TN:
SF:src\repository\articleRepository.ts
FN:8,savedata
FN:18,findById
FN:22,countArticle
FN:28,findArticle
FN:47,updatedata
FN:52,deleteByIdData
FN:56,findArticleAuthorId
FNF:7
FNH:7
FNDA:2,savedata
FNDA:6,findById
FNDA:5,countArticle
FNDA:5,findArticle
FNDA:2,updatedata
FNDA:1,deleteByIdData
FNDA:1,findArticleAuthorId
DA:1,4
DA:8,4
DA:9,2
DA:10,2
DA:18,4
DA:19,6
DA:22,4
DA:23,5
DA:28,4
DA:34,5
DA:47,4
DA:48,2
DA:49,2
DA:52,4
DA:53,1
DA:56,4
DA:57,1
DA:62,1
LF:18
LH:18
BRDA:24,0,0,1
BRDA:24,0,1,4
BRDA:37,1,0,5
BRDA:37,1,1,0
BRDA:38,2,0,1
BRDA:38,2,1,4
BRDA:62,3,0,1
BRDA:62,3,1,0
BRDA:62,4,0,1
BRDA:62,4,1,1
BRDA:62,5,0,0
BRDA:62,5,1,1
BRDA:62,6,0,1
BRDA:62,6,1,1
BRF:14
BRH:11
end_of_record
TN:
SF:src\repository\commentsRepository.ts
FN:10,findCommentsByArticles
FN:24,findCommentsByProductData
FN:37,findById
FN:41,updatedata
FN:49,deleteId
FN:55,commentArticle
FN:66,commentProductData
FNF:7
FNH:4
FNDA:2,findCommentsByArticles
FNDA:1,findCommentsByProductData
FNDA:0,findById
FNDA:0,updatedata
FNDA:0,deleteId
FNDA:1,commentArticle
FNDA:1,commentProductData
DA:1,5
DA:10,5
DA:15,2
DA:24,5
DA:29,1
DA:37,5
DA:38,0
DA:41,5
DA:42,0
DA:43,0
DA:49,5
DA:50,0
DA:55,5
DA:56,1
DA:57,1
DA:66,5
DA:67,1
DA:68,1
LF:18
LH:14
BRDA:17,0,0,1
BRDA:17,0,1,1
BRDA:18,1,0,1
BRDA:18,1,1,1
BRDA:30,2,0,0
BRDA:30,2,1,1
BRF:6
BRH:5
end_of_record
TN:
SF:src\repository\likeRepository.ts
FN:5,productLike
FN:15,productLikeCancel
FN:25,prouductLikeCreate
FN:33,articleLike
FN:43,articleLikeCancel
FN:53,articleLikeCreate
FN:61,findLikedProducts
FN:78,porductLikedFindPerson
FNF:8
FNH:8
FNDA:2,productLike
FNDA:1,productLikeCancel
FNDA:1,prouductLikeCreate
FNDA:2,articleLike
FNDA:1,articleLikeCancel
FNDA:1,articleLikeCreate
FNDA:3,findLikedProducts
FNDA:1,porductLikedFindPerson
DA:1,5
DA:5,5
DA:6,2
DA:15,5
DA:16,1
DA:25,5
DA:26,1
DA:33,5
DA:34,2
DA:43,5
DA:44,1
DA:53,5
DA:54,1
DA:61,5
DA:66,3
DA:78,5
DA:79,1
LF:17
LH:17
BRF:0
BRH:0
end_of_record
TN:
SF:src\repository\notificationRepository.ts
FN:4,(anonymous_8)
FN:4,(anonymous_9)
FN:11,(anonymous_10)
FN:15,(anonymous_11)
FN:21,(anonymous_12)
FN:24,(anonymous_13)
FN:33,(anonymous_14)
FN:33,(anonymous_15)
FNF:8
FNH:2
FNDA:0,(anonymous_8)
FNDA:0,(anonymous_9)
FNDA:0,(anonymous_10)
FNDA:0,(anonymous_11)
FNDA:2,(anonymous_12)
FNDA:2,(anonymous_13)
FNDA:0,(anonymous_14)
FNDA:0,(anonymous_15)
DA:1,5
DA:4,5
DA:5,0
DA:11,5
DA:15,0
DA:16,0
DA:21,5
DA:24,2
DA:25,2
DA:33,5
DA:34,0
LF:11
LH:7
BRDA:28,0,0,0
BRDA:28,0,1,2
BRF:2
BRH:1
end_of_record
TN:
SF:src\repository\productRepository.ts
FN:8,savedata
FN:12,listdata
FN:36,countdata
FN:37,(anonymous_14)
FN:51,getByIdData
FN:57,updateData
FN:69,deleteIdData
FN:75,userProduct
FN:76,(anonymous_22)
FNF:9
FNH:9
FNDA:1,savedata
FNDA:6,listdata
FNDA:6,countdata
FNDA:6,(anonymous_14)
FNDA:9,getByIdData
FNDA:2,updateData
FNDA:1,deleteIdData
FNDA:5,userProduct
FNDA:5,(anonymous_22)
DA:1,4
DA:8,4
DA:9,1
DA:12,4
DA:13,6
DA:15,6
DA:36,4
DA:37,6
DA:41,6
DA:51,4
DA:52,9
DA:57,4
DA:58,2
DA:59,2
DA:69,4
DA:70,1
DA:75,4
DA:76,5
DA:79,5
LF:19
LH:19
BRDA:18,0,0,5
BRDA:18,0,1,1
BRDA:20,1,0,6
BRDA:20,1,1,1
BRDA:23,2,0,6
BRDA:23,2,1,1
BRDA:23,2,2,1
BRDA:26,3,0,1
BRDA:26,3,1,5
BRDA:38,4,0,0
BRDA:43,5,0,6
BRDA:43,5,1,1
BRDA:46,6,0,6
BRDA:46,6,1,1
BRDA:46,6,2,1
BRDA:63,7,0,1
BRDA:63,7,1,1
BRDA:64,8,0,1
BRDA:64,8,1,1
BRDA:83,9,0,5
BRDA:83,9,1,0
BRF:21
BRH:19
end_of_record
TN:
SF:src\repository\userRepository.ts
FN:5,savedata
FN:13,findEmail
FN:17,findId
FN:21,updatedata
FNF:4
FNH:4
FNDA:1,savedata
FNDA:11,findEmail
FNDA:41,findId
FNDA:10,updatedata
DA:1,3
DA:5,3
DA:6,1
DA:13,3
DA:14,11
DA:17,3
DA:18,41
DA:21,3
DA:22,10
DA:23,10
LF:10
LH:10
BRF:0
BRH:0
end_of_record
TN:
SF:src\routes\articleRouter.ts
FNF:0
FNH:0
DA:1,3
DA:2,3
DA:3,3
DA:13,3
DA:15,3
DA:17,3
DA:18,3
DA:19,3
DA:20,3
DA:21,3
DA:22,3
DA:23,3
DA:24,3
DA:26,3
LF:14
LH:14
BRF:0
BRH:0
end_of_record
TN:
SF:src\routes\commentRouter.ts
FNF:0
FNH:0
DA:1,3
DA:2,3
DA:3,3
DA:4,3
DA:6,3
DA:8,3
DA:9,3
DA:11,3
LF:8
LH:8
BRF:0
BRH:0
end_of_record
TN:
SF:src\routes\imagesRouter.ts
FNF:0
FNH:0
DA:1,3
DA:2,3
DA:3,3
DA:5,3
DA:7,3
DA:9,3
LF:6
LH:6
BRF:0
BRH:0
end_of_record
TN:
SF:src\routes\notificationRouter.ts
FNF:0
FNH:0
DA:1,3
DA:2,3
DA:3,3
DA:4,3
DA:6,3
DA:8,3
DA:10,3
LF:7
LH:7
BRF:0
BRH:0
end_of_record
TN:
SF:src\routes\productRouters.ts
FNF:0
FNH:0
DA:1,3
DA:2,3
DA:3,3
DA:13,3
DA:15,3
DA:17,3
DA:18,3
DA:19,3
DA:20,3
DA:21,3
DA:22,3
DA:23,3
DA:24,3
DA:26,3
LF:14
LH:14
BRF:0
BRH:0
end_of_record
TN:
SF:src\routes\userRouter.ts
FNF:0
FNH:0
DA:1,3
DA:2,3
DA:3,3
DA:13,3
DA:15,3
DA:17,3
DA:18,3
DA:19,3
DA:20,3
DA:21,3
DA:22,3
DA:23,3
DA:24,3
DA:26,3
LF:14
LH:14
BRF:0
BRH:0
end_of_record
TN:
SF:src\services\articleService.ts
FN:23,save
FN:27,getList
FN:27,(anonymous_11)
FN:35,(anonymous_12)
FN:44,getById
FN:53,update
FN:57,deleteById
FN:61,saveComment
FN:82,findCommentsByArticle
FNF:9
FNH:9
FNDA:3,save
FNDA:6,getList
FNDA:6,(anonymous_11)
FNDA:27,(anonymous_12)
FNDA:6,getById
FNDA:2,update
FNDA:1,deleteById
FNDA:1,saveComment
FNDA:2,findCommentsByArticle
DA:1,4
DA:10,4
DA:11,4
DA:14,4
DA:23,4
DA:24,3
DA:27,6
DA:28,6
DA:30,6
DA:31,6
DA:33,6
DA:34,6
DA:35,27
DA:44,4
DA:45,6
DA:47,6
DA:48,1
DA:50,5
DA:53,4
DA:54,2
DA:57,4
DA:58,1
DA:61,4
DA:62,1
DA:64,1
DA:65,1
DA:67,1
DA:68,0
DA:79,1
DA:82,4
DA:83,2
DA:85,2
DA:86,2
DA:87,2
DA:89,2
LF:35
LH:34
BRDA:27,0,0,0
BRDA:30,1,0,6
BRDA:30,1,1,0
BRDA:31,2,0,6
BRDA:31,2,1,0
BRDA:47,3,0,1
BRDA:64,4,0,1
BRDA:67,5,0,0
BRDA:67,6,0,1
BRDA:67,6,1,1
BRDA:87,7,0,2
BRDA:87,7,1,0
BRF:12
BRH:7
end_of_record
TN:
SF:src\services\commentsService.ts
FN:5,findByIdData
FN:13,update
FN:17,deleteIdData
FNF:3
FNH:0
FNDA:0,findByIdData
FNDA:0,update
FNDA:0,deleteIdData
DA:1,3
DA:2,3
DA:5,3
DA:6,0
DA:7,0
DA:8,0
DA:10,0
DA:13,3
DA:14,0
DA:17,3
DA:18,0
LF:11
LH:5
BRDA:7,0,0,0
BRF:1
BRH:0
end_of_record
TN:
SF:src\services\likeServices.ts
FN:12,likeProductFind
FN:23,likeArticleFind
FN:35,productLikedList
FNF:3
FNH:3
FNDA:2,likeProductFind
FNDA:2,likeArticleFind
FNDA:3,productLikedList
DA:1,3
DA:12,3
DA:13,2
DA:14,2
DA:15,1
DA:16,1
DA:18,1
DA:19,1
DA:23,3
DA:24,2
DA:26,2
DA:27,1
DA:28,1
DA:30,1
DA:31,1
DA:35,3
DA:36,3
DA:37,3
DA:38,3
LF:19
LH:19
BRDA:14,0,0,1
BRDA:14,0,1,1
BRDA:26,1,0,1
BRDA:26,1,1,1
BRDA:36,2,0,3
BRDA:36,2,1,0
BRDA:37,3,0,3
BRDA:37,3,1,0
BRF:8
BRH:6
end_of_record
TN:
SF:src\services\notificationService.ts
FN:14,(anonymous_7)
FN:19,(anonymous_8)
FN:19,(anonymous_9)
FN:31,(anonymous_10)
FN:31,(anonymous_11)
FN:35,(anonymous_12)
FN:48,(anonymous_13)
FN:48,(anonymous_14)
FN:52,(anonymous_15)
FN:52,(anonymous_16)
FNF:10
FNH:5
FNDA:3,(anonymous_7)
FNDA:0,(anonymous_8)
FNDA:0,(anonymous_9)
FNDA:1,(anonymous_10)
FNDA:1,(anonymous_11)
FNDA:0,(anonymous_12)
FNDA:2,(anonymous_13)
FNDA:2,(anonymous_14)
FNDA:0,(anonymous_15)
FNDA:0,(anonymous_16)
DA:3,5
DA:9,5
DA:10,5
DA:14,5
DA:15,3
DA:16,3
DA:19,5
DA:20,0
DA:22,0
DA:23,0
DA:25,0
DA:26,0
DA:28,0
DA:31,5
DA:32,1
DA:34,1
DA:36,0
DA:48,5
DA:49,2
DA:52,5
DA:53,0
DA:54,0
DA:55,0
DA:58,0
DA:59,0
DA:60,0
DA:63,0
LF:27
LH:13
BRDA:54,0,0,0
BRDA:58,1,0,0
BRF:2
BRH:0
end_of_record
TN:
SF:src\services\productService.ts
FN:16,save
FN:24,list
FN:40,(anonymous_12)
FN:51,count
FN:55,getById
FN:63,update
FN:77,deleteId
FN:81,commentProduct
FN:85,findCommentsByProduct
FNF:9
FNH:8
FNDA:3,save
FNDA:8,list
FNDA:41,(anonymous_12)
FNDA:0,count
FNDA:9,getById
FNDA:4,update
FNDA:2,deleteId
FNDA:2,commentProduct
FNDA:3,findCommentsByProduct
DA:1,4
DA:9,4
DA:10,4
DA:14,4
DA:16,4
DA:17,3
DA:18,3
DA:19,1
DA:21,2
DA:24,4
DA:25,8
DA:32,8
DA:38,8
DA:39,8
DA:41,41
DA:51,4
DA:52,0
DA:55,4
DA:56,9
DA:57,9
DA:58,2
DA:60,7
DA:63,4
DA:64,4
DA:65,4
DA:67,4
DA:72,2
DA:74,4
DA:77,4
DA:78,2
DA:81,4
DA:82,2
DA:85,4
DA:86,3
DA:88,3
DA:89,3
DA:91,3
DA:93,3
LF:38
LH:37
BRDA:18,0,0,1
BRDA:27,1,0,2
BRDA:27,1,1,6
BRDA:27,2,0,8
BRDA:27,2,1,2
BRDA:28,3,0,8
BRDA:28,3,1,0
BRDA:29,4,0,8
BRDA:29,4,1,0
BRDA:43,5,0,3
BRDA:43,5,1,38
BRDA:57,6,0,2
BRDA:67,7,0,2
BRDA:68,8,0,4
BRDA:68,8,1,4
BRDA:68,8,2,3
BRDA:68,9,0,0
BRDA:68,9,1,4
BRDA:68,10,0,4
BRDA:68,10,1,4
BRDA:89,11,0,1
BRDA:89,11,1,2
BRDA:91,12,0,1
BRDA:91,12,1,2
BRF:24
BRH:21
end_of_record
TN:
SF:src\services\userService.ts
FN:15,hashingPassword
FN:19,createToken
FN:37,isExistEmail
FN:42,findEmailForLogin
FN:47,save
FN:59,getUser
FN:70,verifyPassword
FN:79,getUserById
FN:87,update
FN:101,getProductList
FN:102,(anonymous_26)
FN:114,refreshToken
FN:124,filterSensitiveUserData
FNF:13
FNH:12
FNDA:2,hashingPassword
FNDA:16,createToken
FNDA:2,isExistEmail
FNDA:9,findEmailForLogin
FNDA:1,save
FNDA:0,getUser
FNDA:8,verifyPassword
FNDA:4,getUserById
FNDA:10,update
FNDA:5,getProductList
FNDA:5,(anonymous_26)
FNDA:1,refreshToken
FNDA:14,filterSensitiveUserData
DA:1,3
DA:2,3
DA:3,3
DA:4,3
DA:5,3
DA:6,3
DA:15,3
DA:16,2
DA:19,3
DA:20,16
DA:22,16
DA:24,16
DA:28,16
DA:29,0
DA:32,16
DA:34,16
DA:37,3
DA:38,2
DA:39,2
DA:42,3
DA:43,9
DA:44,9
DA:47,3
DA:48,1
DA:49,1
DA:51,1
DA:55,1
DA:56,1
DA:59,3
DA:60,0
DA:61,0
DA:62,0
DA:65,0
DA:67,0
DA:70,3
DA:71,8
DA:72,8
DA:73,1
DA:76,7
DA:79,3
DA:80,4
DA:81,4
DA:82,1
DA:84,3
DA:87,3
DA:88,10
DA:90,10
DA:91,10
DA:92,10
DA:93,10
DA:94,10
DA:96,10
DA:98,10
DA:101,3
DA:102,5
DA:105,5
DA:106,5
DA:107,5
DA:114,3
DA:115,1
DA:116,1
DA:117,0
DA:119,1
DA:120,1
DA:121,1
DA:124,3
DA:125,14
DA:126,14
LF:68
LH:61
BRDA:22,0,0,8
BRDA:22,0,1,8
BRDA:25,1,0,8
BRDA:25,1,1,8
BRDA:28,2,0,0
BRDA:61,3,0,0
BRDA:72,4,0,1
BRDA:81,5,0,1
BRDA:91,6,0,1
BRDA:92,7,0,2
BRDA:93,8,0,1
BRDA:94,9,0,8
BRDA:103,10,0,0
BRDA:105,11,0,5
BRDA:105,11,1,0
BRDA:106,12,0,5
BRDA:106,12,1,0
BRDA:116,13,0,0
BRDA:116,14,0,1
BRDA:116,14,1,1
BRF:20
BRH:14
end_of_record
TN:
SF:src\socket\notificationGateway.ts
FN:3,notificationGateway
FNF:1
FNH:0
FNDA:0,notificationGateway
DA:3,3
DA:4,0
DA:5,0
DA:6,0
DA:7,0
DA:8,0
DA:11,0
DA:12,0
LF:8
LH:1
BRDA:4,0,0,0
BRDA:4,0,1,0
BRDA:4,1,0,0
BRDA:4,1,1,0
BRDA:6,2,0,0
BRF:5
BRH:0
end_of_record
TN:
SF:src\socket\socket.ts
FN:7,setupSocketIO
FN:17,(anonymous_2)
FN:36,(anonymous_3)
FNF:3
FNH:1
FNDA:3,setupSocketIO
FNDA:0,(anonymous_2)
FNDA:0,(anonymous_3)
DA:1,3
DA:3,3
DA:4,3
DA:5,3
DA:7,3
DA:8,3
DA:15,3
DA:17,3
DA:18,0
DA:19,0
DA:20,0
DA:21,0
DA:24,0
DA:25,0
DA:26,0
DA:27,0
DA:28,0
DA:30,0
DA:31,0
DA:32,0
DA:36,3
DA:37,0
DA:40,3
LF:23
LH:10
BRDA:18,0,0,0
BRDA:18,0,1,0
BRDA:18,1,0,0
BRDA:18,1,1,0
BRDA:19,2,0,0
BRF:5
BRH:0
end_of_record
TN:
SF:src\structs\articleStructs.ts
FNF:0
FNH:0
DA:1,3
DA:2,3
DA:4,3
DA:6,3
DA:12,3
LF:5
LH:5
BRF:0
BRH:0
end_of_record
TN:
SF:src\structs\commentsStruct.ts
FNF:0
FNH:0
DA:1,3
DA:2,3
DA:4,3
DA:10,3
DA:14,3
LF:5
LH:5
BRF:0
BRH:0
end_of_record
TN:
SF:src\structs\commonStruct.ts
FN:13,(anonymous_0)
FN:26,(anonymous_1)
FNF:2
FNH:2
FNDA:39,(anonymous_0)
FNDA:1,(anonymous_1)
DA:1,3
DA:13,39
DA:15,3
DA:21,3
DA:26,1
DA:31,3
LF:6
LH:6
BRF:0
BRH:0
end_of_record
TN:
SF:src\structs\productsStruct.ts
FN:14,(anonymous_0)
FNF:1
FNH:1
FNDA:5,(anonymous_0)
DA:1,3
DA:11,3
DA:13,3
DA:14,5
DA:23,3
DA:27,3
LF:6
LH:6
BRF:0
BRH:0
end_of_record
TN:
SF:src\structs\userStructs.ts
FN:56,(anonymous_0)
FNF:1
FNH:1
FNDA:1,(anonymous_0)
DA:1,3
DA:13,3
DA:15,3
DA:22,3
DA:29,3
DA:42,3
DA:48,3
DA:52,3
DA:56,3
DA:57,1
DA:58,0
DA:59,0
DA:62,3
LF:13
LH:11
BRDA:57,0,0,1
BRDA:58,1,0,0
BRF:2
BRH:1
end_of_record
TN:
SF:src\types\expressExtensions.ts
FNF:0
FNH:0
DA:1,3
LF:1
LH:1
BRF:0
BRH:0
end_of_record
